(CDPATH="${ZSH_VERSION+.}:" && cd . && /bin/sh /Users/rolandh/code/spocp-git/missing --run autoheader)
rm -f stamp-h1
touch config.h.in
cd . && /bin/sh ./config.status config.h
config.status: creating config.h
config.status: config.h is unchanged
make  all-recursive
Making all in include
make[2]: Nothing to be done for `all'.
Making all in lib
/bin/sh ../libtool --tag=CC   --mode=compile gcc -DHAVE_CONFIG_H -I. -I.. -I../include -I../include    -Wall -pedantic -Wmissing-prototypes -Wpointer-arith -Wbad-function-cast -Wmissing-declarations -Wnested-externs -g -O2 -c -o aci.lo aci.c
libtool: compile:  gcc -DHAVE_CONFIG_H -I. -I.. -I../include -I../include -Wall -pedantic -Wmissing-prototypes -Wpointer-arith -Wbad-function-cast -Wmissing-declarations -Wnested-externs -g -O2 -c aci.c  -fno-common -DPIC -o .libs/aci.o
libtool: compile:  gcc -DHAVE_CONFIG_H -I. -I.. -I../include -I../include -Wall -pedantic -Wmissing-prototypes -Wpointer-arith -Wbad-function-cast -Wmissing-declarations -Wnested-externs -g -O2 -c aci.c -o aci.o >/dev/null 2>&1
/bin/sh ../libtool --tag=CC   --mode=compile gcc -DHAVE_CONFIG_H -I. -I.. -I../include -I../include    -Wall -pedantic -Wmissing-prototypes -Wpointer-arith -Wbad-function-cast -Wmissing-declarations -Wnested-externs -g -O2 -c -o dback.lo dback.c
libtool: compile:  gcc -DHAVE_CONFIG_H -I. -I.. -I../include -I../include -Wall -pedantic -Wmissing-prototypes -Wpointer-arith -Wbad-function-cast -Wmissing-declarations -Wnested-externs -g -O2 -c dback.c  -fno-common -DPIC -o .libs/dback.o
libtool: compile:  gcc -DHAVE_CONFIG_H -I. -I.. -I../include -I../include -Wall -pedantic -Wmissing-prototypes -Wpointer-arith -Wbad-function-cast -Wmissing-declarations -Wnested-externs -g -O2 -c dback.c -o dback.o >/dev/null 2>&1
/bin/sh ../libtool --tag=CC   --mode=compile gcc -DHAVE_CONFIG_H -I. -I.. -I../include -I../include    -Wall -pedantic -Wmissing-prototypes -Wpointer-arith -Wbad-function-cast -Wmissing-declarations -Wnested-externs -g -O2 -c -o match.lo match.c
libtool: compile:  gcc -DHAVE_CONFIG_H -I. -I.. -I../include -I../include -Wall -pedantic -Wmissing-prototypes -Wpointer-arith -Wbad-function-cast -Wmissing-declarations -Wnested-externs -g -O2 -c match.c  -fno-common -DPIC -o .libs/match.o
libtool: compile:  gcc -DHAVE_CONFIG_H -I. -I.. -I../include -I../include -Wall -pedantic -Wmissing-prototypes -Wpointer-arith -Wbad-function-cast -Wmissing-declarations -Wnested-externs -g -O2 -c match.c -o match.o >/dev/null 2>&1
/bin/sh ../libtool --tag=CC   --mode=compile gcc -DHAVE_CONFIG_H -I. -I.. -I../include -I../include    -Wall -pedantic -Wmissing-prototypes -Wpointer-arith -Wbad-function-cast -Wmissing-declarations -Wnested-externs -g -O2 -c -o sexptool.lo sexptool.c
libtool: compile:  gcc -DHAVE_CONFIG_H -I. -I.. -I../include -I../include -Wall -pedantic -Wmissing-prototypes -Wpointer-arith -Wbad-function-cast -Wmissing-declarations -Wnested-externs -g -O2 -c sexptool.c  -fno-common -DPIC -o .libs/sexptool.o
libtool: compile:  gcc -DHAVE_CONFIG_H -I. -I.. -I../include -I../include -Wall -pedantic -Wmissing-prototypes -Wpointer-arith -Wbad-function-cast -Wmissing-declarations -Wnested-externs -g -O2 -c sexptool.c -o sexptool.o >/dev/null 2>&1
/bin/sh ../libtool --tag=CC   --mode=compile gcc -DHAVE_CONFIG_H -I. -I.. -I../include -I../include    -Wall -pedantic -Wmissing-prototypes -Wpointer-arith -Wbad-function-cast -Wmissing-declarations -Wnested-externs -g -O2 -c -o atom.lo atom.c
libtool: compile:  gcc -DHAVE_CONFIG_H -I. -I.. -I../include -I../include -Wall -pedantic -Wmissing-prototypes -Wpointer-arith -Wbad-function-cast -Wmissing-declarations -Wnested-externs -g -O2 -c atom.c  -fno-common -DPIC -o .libs/atom.o
libtool: compile:  gcc -DHAVE_CONFIG_H -I. -I.. -I../include -I../include -Wall -pedantic -Wmissing-prototypes -Wpointer-arith -Wbad-function-cast -Wmissing-declarations -Wnested-externs -g -O2 -c atom.c -o atom.o >/dev/null 2>&1
/bin/sh ../libtool --tag=CC   --mode=compile gcc -DHAVE_CONFIG_H -I. -I.. -I../include -I../include    -Wall -pedantic -Wmissing-prototypes -Wpointer-arith -Wbad-function-cast -Wmissing-declarations -Wnested-externs -g -O2 -c -o dbapi.lo dbapi.c
libtool: compile:  gcc -DHAVE_CONFIG_H -I. -I.. -I../include -I../include -Wall -pedantic -Wmissing-prototypes -Wpointer-arith -Wbad-function-cast -Wmissing-declarations -Wnested-externs -g -O2 -c dbapi.c  -fno-common -DPIC -o .libs/dbapi.o
libtool: compile:  gcc -DHAVE_CONFIG_H -I. -I.. -I../include -I../include -Wall -pedantic -Wmissing-prototypes -Wpointer-arith -Wbad-function-cast -Wmissing-declarations -Wnested-externs -g -O2 -c dbapi.c -o dbapi.o >/dev/null 2>&1
/bin/sh ../libtool --tag=CC   --mode=compile gcc -DHAVE_CONFIG_H -I. -I.. -I../include -I../include    -Wall -pedantic -Wmissing-prototypes -Wpointer-arith -Wbad-function-cast -Wmissing-declarations -Wnested-externs -g -O2 -c -o oct.lo oct.c
libtool: compile:  gcc -DHAVE_CONFIG_H -I. -I.. -I../include -I../include -Wall -pedantic -Wmissing-prototypes -Wpointer-arith -Wbad-function-cast -Wmissing-declarations -Wnested-externs -g -O2 -c oct.c  -fno-common -DPIC -o .libs/oct.o
libtool: compile:  gcc -DHAVE_CONFIG_H -I. -I.. -I../include -I../include -Wall -pedantic -Wmissing-prototypes -Wpointer-arith -Wbad-function-cast -Wmissing-declarations -Wnested-externs -g -O2 -c oct.c -o oct.o >/dev/null 2>&1
/bin/sh ../libtool --tag=CC   --mode=compile gcc -DHAVE_CONFIG_H -I. -I.. -I../include -I../include    -Wall -pedantic -Wmissing-prototypes -Wpointer-arith -Wbad-function-cast -Wmissing-declarations -Wnested-externs -g -O2 -c -o sha1.lo sha1.c
libtool: compile:  gcc -DHAVE_CONFIG_H -I. -I.. -I../include -I../include -Wall -pedantic -Wmissing-prototypes -Wpointer-arith -Wbad-function-cast -Wmissing-declarations -Wnested-externs -g -O2 -c sha1.c  -fno-common -DPIC -o .libs/sha1.o
libtool: compile:  gcc -DHAVE_CONFIG_H -I. -I.. -I../include -I../include -Wall -pedantic -Wmissing-prototypes -Wpointer-arith -Wbad-function-cast -Wmissing-declarations -Wnested-externs -g -O2 -c sha1.c -o sha1.o >/dev/null 2>&1
/bin/sh ../libtool --tag=CC   --mode=compile gcc -DHAVE_CONFIG_H -I. -I.. -I../include -I../include    -Wall -pedantic -Wmissing-prototypes -Wpointer-arith -Wbad-function-cast -Wmissing-declarations -Wnested-externs -g -O2 -c -o atommatch.lo atommatch.c
libtool: compile:  gcc -DHAVE_CONFIG_H -I. -I.. -I../include -I../include -Wall -pedantic -Wmissing-prototypes -Wpointer-arith -Wbad-function-cast -Wmissing-declarations -Wnested-externs -g -O2 -c atommatch.c  -fno-common -DPIC -o .libs/atommatch.o
libtool: compile:  gcc -DHAVE_CONFIG_H -I. -I.. -I../include -I../include -Wall -pedantic -Wmissing-prototypes -Wpointer-arith -Wbad-function-cast -Wmissing-declarations -Wnested-externs -g -O2 -c atommatch.c -o atommatch.o >/dev/null 2>&1
/bin/sh ../libtool --tag=CC   --mode=compile gcc -DHAVE_CONFIG_H -I. -I.. -I../include -I../include    -Wall -pedantic -Wmissing-prototypes -Wpointer-arith -Wbad-function-cast -Wmissing-declarations -Wnested-externs -g -O2 -c -o display.lo display.c
libtool: compile:  gcc -DHAVE_CONFIG_H -I. -I.. -I../include -I../include -Wall -pedantic -Wmissing-prototypes -Wpointer-arith -Wbad-function-cast -Wmissing-declarations -Wnested-externs -g -O2 -c display.c  -fno-common -DPIC -o .libs/display.o
libtool: compile:  gcc -DHAVE_CONFIG_H -I. -I.. -I../include -I../include -Wall -pedantic -Wmissing-prototypes -Wpointer-arith -Wbad-function-cast -Wmissing-declarations -Wnested-externs -g -O2 -c display.c -o display.o >/dev/null 2>&1
/bin/sh ../libtool --tag=CC   --mode=compile gcc -DHAVE_CONFIG_H -I. -I.. -I../include -I../include    -Wall -pedantic -Wmissing-prototypes -Wpointer-arith -Wbad-function-cast -Wmissing-declarations -Wnested-externs -g -O2 -c -o octarr.lo octarr.c
libtool: compile:  gcc -DHAVE_CONFIG_H -I. -I.. -I../include -I../include -Wall -pedantic -Wmissing-prototypes -Wpointer-arith -Wbad-function-cast -Wmissing-declarations -Wnested-externs -g -O2 -c octarr.c  -fno-common -DPIC -o .libs/octarr.o
libtool: compile:  gcc -DHAVE_CONFIG_H -I. -I.. -I../include -I../include -Wall -pedantic -Wmissing-prototypes -Wpointer-arith -Wbad-function-cast -Wmissing-declarations -Wnested-externs -g -O2 -c octarr.c -o octarr.o >/dev/null 2>&1
/bin/sh ../libtool --tag=CC   --mode=compile gcc -DHAVE_CONFIG_H -I. -I.. -I../include -I../include    -Wall -pedantic -Wmissing-prototypes -Wpointer-arith -Wbad-function-cast -Wmissing-declarations -Wnested-externs -g -O2 -c -o skiplist.lo skiplist.c
libtool: compile:  gcc -DHAVE_CONFIG_H -I. -I.. -I../include -I../include -Wall -pedantic -Wmissing-prototypes -Wpointer-arith -Wbad-function-cast -Wmissing-declarations -Wnested-externs -g -O2 -c skiplist.c  -fno-common -DPIC -o .libs/skiplist.o
libtool: compile:  gcc -DHAVE_CONFIG_H -I. -I.. -I../include -I../include -Wall -pedantic -Wmissing-prototypes -Wpointer-arith -Wbad-function-cast -Wmissing-declarations -Wnested-externs -g -O2 -c skiplist.c -o skiplist.o >/dev/null 2>&1
/bin/sh ../libtool --tag=CC   --mode=compile gcc -DHAVE_CONFIG_H -I. -I.. -I../include -I../include    -Wall -pedantic -Wmissing-prototypes -Wpointer-arith -Wbad-function-cast -Wmissing-declarations -Wnested-externs -g -O2 -c -o basic.lo basic.c
libtool: compile:  gcc -DHAVE_CONFIG_H -I. -I.. -I../include -I../include -Wall -pedantic -Wmissing-prototypes -Wpointer-arith -Wbad-function-cast -Wmissing-declarations -Wnested-externs -g -O2 -c basic.c  -fno-common -DPIC -o .libs/basic.o
libtool: compile:  gcc -DHAVE_CONFIG_H -I. -I.. -I../include -I../include -Wall -pedantic -Wmissing-prototypes -Wpointer-arith -Wbad-function-cast -Wmissing-declarations -Wnested-externs -g -O2 -c basic.c -o basic.o >/dev/null 2>&1
/bin/sh ../libtool --tag=CC   --mode=compile gcc -DHAVE_CONFIG_H -I. -I.. -I../include -I../include    -Wall -pedantic -Wmissing-prototypes -Wpointer-arith -Wbad-function-cast -Wmissing-declarations -Wnested-externs -g -O2 -c -o dset.lo dset.c
libtool: compile:  gcc -DHAVE_CONFIG_H -I. -I.. -I../include -I../include -Wall -pedantic -Wmissing-prototypes -Wpointer-arith -Wbad-function-cast -Wmissing-declarations -Wnested-externs -g -O2 -c dset.c  -fno-common -DPIC -o .libs/dset.o
libtool: compile:  gcc -DHAVE_CONFIG_H -I. -I.. -I../include -I../include -Wall -pedantic -Wmissing-prototypes -Wpointer-arith -Wbad-function-cast -Wmissing-declarations -Wnested-externs -g -O2 -c dset.c -o dset.o >/dev/null 2>&1
/bin/sh ../libtool --tag=CC   --mode=compile gcc -DHAVE_CONFIG_H -I. -I.. -I../include -I../include    -Wall -pedantic -Wmissing-prototypes -Wpointer-arith -Wbad-function-cast -Wmissing-declarations -Wnested-externs -g -O2 -c -o parr.lo parr.c
libtool: compile:  gcc -DHAVE_CONFIG_H -I. -I.. -I../include -I../include -Wall -pedantic -Wmissing-prototypes -Wpointer-arith -Wbad-function-cast -Wmissing-declarations -Wnested-externs -g -O2 -c parr.c  -fno-common -DPIC -o .libs/parr.o
libtool: compile:  gcc -DHAVE_CONFIG_H -I. -I.. -I../include -I../include -Wall -pedantic -Wmissing-prototypes -Wpointer-arith -Wbad-function-cast -Wmissing-declarations -Wnested-externs -g -O2 -c parr.c -o parr.o >/dev/null 2>&1
/bin/sh ../libtool --tag=CC   --mode=compile gcc -DHAVE_CONFIG_H -I. -I.. -I../include -I../include    -Wall -pedantic -Wmissing-prototypes -Wpointer-arith -Wbad-function-cast -Wmissing-declarations -Wnested-externs -g -O2 -c -o bcexp.lo bcexp.c
libtool: compile:  gcc -DHAVE_CONFIG_H -I. -I.. -I../include -I../include -Wall -pedantic -Wmissing-prototypes -Wpointer-arith -Wbad-function-cast -Wmissing-declarations -Wnested-externs -g -O2 -c bcexp.c  -fno-common -DPIC -o .libs/bcexp.o
libtool: compile:  gcc -DHAVE_CONFIG_H -I. -I.. -I../include -I../include -Wall -pedantic -Wmissing-prototypes -Wpointer-arith -Wbad-function-cast -Wmissing-declarations -Wnested-externs -g -O2 -c bcexp.c -o bcexp.o >/dev/null 2>&1
/bin/sh ../libtool --tag=CC   --mode=compile gcc -DHAVE_CONFIG_H -I. -I.. -I../include -I../include    -Wall -pedantic -Wmissing-prototypes -Wpointer-arith -Wbad-function-cast -Wmissing-declarations -Wnested-externs -g -O2 -c -o element.lo element.c
libtool: compile:  gcc -DHAVE_CONFIG_H -I. -I.. -I../include -I../include -Wall -pedantic -Wmissing-prototypes -Wpointer-arith -Wbad-function-cast -Wmissing-declarations -Wnested-externs -g -O2 -c element.c  -fno-common -DPIC -o .libs/element.o
libtool: compile:  gcc -DHAVE_CONFIG_H -I. -I.. -I../include -I../include -Wall -pedantic -Wmissing-prototypes -Wpointer-arith -Wbad-function-cast -Wmissing-declarations -Wnested-externs -g -O2 -c element.c -o element.o >/dev/null 2>&1
/bin/sh ../libtool --tag=CC   --mode=compile gcc -DHAVE_CONFIG_H -I. -I.. -I../include -I../include    -Wall -pedantic -Wmissing-prototypes -Wpointer-arith -Wbad-function-cast -Wmissing-declarations -Wnested-externs -g -O2 -c -o parse.lo parse.c
libtool: compile:  gcc -DHAVE_CONFIG_H -I. -I.. -I../include -I../include -Wall -pedantic -Wmissing-prototypes -Wpointer-arith -Wbad-function-cast -Wmissing-declarations -Wnested-externs -g -O2 -c parse.c  -fno-common -DPIC -o .libs/parse.o
libtool: compile:  gcc -DHAVE_CONFIG_H -I. -I.. -I../include -I../include -Wall -pedantic -Wmissing-prototypes -Wpointer-arith -Wbad-function-cast -Wmissing-declarations -Wnested-externs -g -O2 -c parse.c -o parse.o >/dev/null 2>&1
/bin/sh ../libtool --tag=CC   --mode=compile gcc -DHAVE_CONFIG_H -I. -I.. -I../include -I../include    -Wall -pedantic -Wmissing-prototypes -Wpointer-arith -Wbad-function-cast -Wmissing-declarations -Wnested-externs -g -O2 -c -o spocp.lo spocp.c
libtool: compile:  gcc -DHAVE_CONFIG_H -I. -I.. -I../include -I../include -Wall -pedantic -Wmissing-prototypes -Wpointer-arith -Wbad-function-cast -Wmissing-declarations -Wnested-externs -g -O2 -c spocp.c  -fno-common -DPIC -o .libs/spocp.o
libtool: compile:  gcc -DHAVE_CONFIG_H -I. -I.. -I../include -I../include -Wall -pedantic -Wmissing-prototypes -Wpointer-arith -Wbad-function-cast -Wmissing-declarations -Wnested-externs -g -O2 -c spocp.c -o spocp.o >/dev/null 2>&1
/bin/sh ../libtool --tag=CC   --mode=compile gcc -DHAVE_CONFIG_H -I. -I.. -I../include -I../include    -Wall -pedantic -Wmissing-prototypes -Wpointer-arith -Wbad-function-cast -Wmissing-declarations -Wnested-externs -g -O2 -c -o bcond.lo bcond.c
libtool: compile:  gcc -DHAVE_CONFIG_H -I. -I.. -I../include -I../include -Wall -pedantic -Wmissing-prototypes -Wpointer-arith -Wbad-function-cast -Wmissing-declarations -Wnested-externs -g -O2 -c bcond.c  -fno-common -DPIC -o .libs/bcond.o
libtool: compile:  gcc -DHAVE_CONFIG_H -I. -I.. -I../include -I../include -Wall -pedantic -Wmissing-prototypes -Wpointer-arith -Wbad-function-cast -Wmissing-declarations -Wnested-externs -g -O2 -c bcond.c -o bcond.o >/dev/null 2>&1
/bin/sh ../libtool --tag=CC   --mode=compile gcc -DHAVE_CONFIG_H -I. -I.. -I../include -I../include    -Wall -pedantic -Wmissing-prototypes -Wpointer-arith -Wbad-function-cast -Wmissing-declarations -Wnested-externs -g -O2 -c -o element_I.lo element_I.c
libtool: compile:  gcc -DHAVE_CONFIG_H -I. -I.. -I../include -I../include -Wall -pedantic -Wmissing-prototypes -Wpointer-arith -Wbad-function-cast -Wmissing-declarations -Wnested-externs -g -O2 -c element_I.c  -fno-common -DPIC -o .libs/element_I.o
libtool: compile:  gcc -DHAVE_CONFIG_H -I. -I.. -I../include -I../include -Wall -pedantic -Wmissing-prototypes -Wpointer-arith -Wbad-function-cast -Wmissing-declarations -Wnested-externs -g -O2 -c element_I.c -o element_I.o >/dev/null 2>&1
/bin/sh ../libtool --tag=CC   --mode=compile gcc -DHAVE_CONFIG_H -I. -I.. -I../include -I../include    -Wall -pedantic -Wmissing-prototypes -Wpointer-arith -Wbad-function-cast -Wmissing-declarations -Wnested-externs -g -O2 -c -o plugin.lo plugin.c
libtool: compile:  gcc -DHAVE_CONFIG_H -I. -I.. -I../include -I../include -Wall -pedantic -Wmissing-prototypes -Wpointer-arith -Wbad-function-cast -Wmissing-declarations -Wnested-externs -g -O2 -c plugin.c  -fno-common -DPIC -o .libs/plugin.o
libtool: compile:  gcc -DHAVE_CONFIG_H -I. -I.. -I../include -I../include -Wall -pedantic -Wmissing-prototypes -Wpointer-arith -Wbad-function-cast -Wmissing-declarations -Wnested-externs -g -O2 -c plugin.c -o plugin.o >/dev/null 2>&1
/bin/sh ../libtool --tag=CC   --mode=compile gcc -DHAVE_CONFIG_H -I. -I.. -I../include -I../include    -Wall -pedantic -Wmissing-prototypes -Wpointer-arith -Wbad-function-cast -Wmissing-declarations -Wnested-externs -g -O2 -c -o spocp_result.lo spocp_result.c
libtool: compile:  gcc -DHAVE_CONFIG_H -I. -I.. -I../include -I../include -Wall -pedantic -Wmissing-prototypes -Wpointer-arith -Wbad-function-cast -Wmissing-declarations -Wnested-externs -g -O2 -c spocp_result.c  -fno-common -DPIC -o .libs/spocp_result.o
libtool: compile:  gcc -DHAVE_CONFIG_H -I. -I.. -I../include -I../include -Wall -pedantic -Wmissing-prototypes -Wpointer-arith -Wbad-function-cast -Wmissing-declarations -Wnested-externs -g -O2 -c spocp_result.c -o spocp_result.o >/dev/null 2>&1
/bin/sh ../libtool --tag=CC   --mode=compile gcc -DHAVE_CONFIG_H -I. -I.. -I../include -I../include    -Wall -pedantic -Wmissing-prototypes -Wpointer-arith -Wbad-function-cast -Wmissing-declarations -Wnested-externs -g -O2 -c -o be_cpool.lo be_cpool.c
libtool: compile:  gcc -DHAVE_CONFIG_H -I. -I.. -I../include -I../include -Wall -pedantic -Wmissing-prototypes -Wpointer-arith -Wbad-function-cast -Wmissing-declarations -Wnested-externs -g -O2 -c be_cpool.c  -fno-common -DPIC -o .libs/be_cpool.o
libtool: compile:  gcc -DHAVE_CONFIG_H -I. -I.. -I../include -I../include -Wall -pedantic -Wmissing-prototypes -Wpointer-arith -Wbad-function-cast -Wmissing-declarations -Wnested-externs -g -O2 -c be_cpool.c -o be_cpool.o >/dev/null 2>&1
/bin/sh ../libtool --tag=CC   --mode=compile gcc -DHAVE_CONFIG_H -I. -I.. -I../include -I../include    -Wall -pedantic -Wmissing-prototypes -Wpointer-arith -Wbad-function-cast -Wmissing-declarations -Wnested-externs -g -O2 -c -o element_display.lo element_display.c
libtool: compile:  gcc -DHAVE_CONFIG_H -I. -I.. -I../include -I../include -Wall -pedantic -Wmissing-prototypes -Wpointer-arith -Wbad-function-cast -Wmissing-declarations -Wnested-externs -g -O2 -c element_display.c  -fno-common -DPIC -o .libs/element_display.o
libtool: compile:  gcc -DHAVE_CONFIG_H -I. -I.. -I../include -I../include -Wall -pedantic -Wmissing-prototypes -Wpointer-arith -Wbad-function-cast -Wmissing-declarations -Wnested-externs -g -O2 -c element_display.c -o element_display.o >/dev/null 2>&1
/bin/sh ../libtool --tag=CC   --mode=compile gcc -DHAVE_CONFIG_H -I. -I.. -I../include -I../include    -Wall -pedantic -Wmissing-prototypes -Wpointer-arith -Wbad-function-cast -Wmissing-declarations -Wnested-externs -g -O2 -c -o range.lo range.c
libtool: compile:  gcc -DHAVE_CONFIG_H -I. -I.. -I../include -I../include -Wall -pedantic -Wmissing-prototypes -Wpointer-arith -Wbad-function-cast -Wmissing-declarations -Wnested-externs -g -O2 -c range.c  -fno-common -DPIC -o .libs/range.o
libtool: compile:  gcc -DHAVE_CONFIG_H -I. -I.. -I../include -I../include -Wall -pedantic -Wmissing-prototypes -Wpointer-arith -Wbad-function-cast -Wmissing-declarations -Wnested-externs -g -O2 -c range.c -o range.o >/dev/null 2>&1
/bin/sh ../libtool --tag=CC   --mode=compile gcc -DHAVE_CONFIG_H -I. -I.. -I../include -I../include    -Wall -pedantic -Wmissing-prototypes -Wpointer-arith -Wbad-function-cast -Wmissing-declarations -Wnested-externs -g -O2 -c -o ssn.lo ssn.c
libtool: compile:  gcc -DHAVE_CONFIG_H -I. -I.. -I../include -I../include -Wall -pedantic -Wmissing-prototypes -Wpointer-arith -Wbad-function-cast -Wmissing-declarations -Wnested-externs -g -O2 -c ssn.c  -fno-common -DPIC -o .libs/ssn.o
libtool: compile:  gcc -DHAVE_CONFIG_H -I. -I.. -I../include -I../include -Wall -pedantic -Wmissing-prototypes -Wpointer-arith -Wbad-function-cast -Wmissing-declarations -Wnested-externs -g -O2 -c ssn.c -o ssn.o >/dev/null 2>&1
/bin/sh ../libtool --tag=CC   --mode=compile gcc -DHAVE_CONFIG_H -I. -I.. -I../include -I../include    -Wall -pedantic -Wmissing-prototypes -Wpointer-arith -Wbad-function-cast -Wmissing-declarations -Wnested-externs -g -O2 -c -o boundary.lo boundary.c
libtool: compile:  gcc -DHAVE_CONFIG_H -I. -I.. -I../include -I../include -Wall -pedantic -Wmissing-prototypes -Wpointer-arith -Wbad-function-cast -Wmissing-declarations -Wnested-externs -g -O2 -c boundary.c  -fno-common -DPIC -o .libs/boundary.o
libtool: compile:  gcc -DHAVE_CONFIG_H -I. -I.. -I../include -I../include -Wall -pedantic -Wmissing-prototypes -Wpointer-arith -Wbad-function-cast -Wmissing-declarations -Wnested-externs -g -O2 -c boundary.c -o boundary.o >/dev/null 2>&1
/bin/sh ../libtool --tag=CC   --mode=compile gcc -DHAVE_CONFIG_H -I. -I.. -I../include -I../include    -Wall -pedantic -Wmissing-prototypes -Wpointer-arith -Wbad-function-cast -Wmissing-declarations -Wnested-externs -g -O2 -c -o eval.lo eval.c
libtool: compile:  gcc -DHAVE_CONFIG_H -I. -I.. -I../include -I../include -Wall -pedantic -Wmissing-prototypes -Wpointer-arith -Wbad-function-cast -Wmissing-declarations -Wnested-externs -g -O2 -c eval.c  -fno-common -DPIC -o .libs/eval.o
libtool: compile:  gcc -DHAVE_CONFIG_H -I. -I.. -I../include -I../include -Wall -pedantic -Wmissing-prototypes -Wpointer-arith -Wbad-function-cast -Wmissing-declarations -Wnested-externs -g -O2 -c eval.c -o eval.o >/dev/null 2>&1
/bin/sh ../libtool --tag=CC   --mode=compile gcc -DHAVE_CONFIG_H -I. -I.. -I../include -I../include    -Wall -pedantic -Wmissing-prototypes -Wpointer-arith -Wbad-function-cast -Wmissing-declarations -Wnested-externs -g -O2 -c -o rangestore.lo rangestore.c
libtool: compile:  gcc -DHAVE_CONFIG_H -I. -I.. -I../include -I../include -Wall -pedantic -Wmissing-prototypes -Wpointer-arith -Wbad-function-cast -Wmissing-declarations -Wnested-externs -g -O2 -c rangestore.c  -fno-common -DPIC -o .libs/rangestore.o
libtool: compile:  gcc -DHAVE_CONFIG_H -I. -I.. -I../include -I../include -Wall -pedantic -Wmissing-prototypes -Wpointer-arith -Wbad-function-cast -Wmissing-declarations -Wnested-externs -g -O2 -c rangestore.c -o rangestore.o >/dev/null 2>&1
/bin/sh ../libtool --tag=CC   --mode=compile gcc -DHAVE_CONFIG_H -I. -I.. -I../include -I../include    -Wall -pedantic -Wmissing-prototypes -Wpointer-arith -Wbad-function-cast -Wmissing-declarations -Wnested-externs -g -O2 -c -o ssn_b.lo ssn_b.c
libtool: compile:  gcc -DHAVE_CONFIG_H -I. -I.. -I../include -I../include -Wall -pedantic -Wmissing-prototypes -Wpointer-arith -Wbad-function-cast -Wmissing-declarations -Wnested-externs -g -O2 -c ssn_b.c  -fno-common -DPIC -o .libs/ssn_b.o
libtool: compile:  gcc -DHAVE_CONFIG_H -I. -I.. -I../include -I../include -Wall -pedantic -Wmissing-prototypes -Wpointer-arith -Wbad-function-cast -Wmissing-declarations -Wnested-externs -g -O2 -c ssn_b.c -o ssn_b.o >/dev/null 2>&1
/bin/sh ../libtool --tag=CC   --mode=compile gcc -DHAVE_CONFIG_H -I. -I.. -I../include -I../include    -Wall -pedantic -Wmissing-prototypes -Wpointer-arith -Wbad-function-cast -Wmissing-declarations -Wnested-externs -g -O2 -c -o boundarysl.lo boundarysl.c
libtool: compile:  gcc -DHAVE_CONFIG_H -I. -I.. -I../include -I../include -Wall -pedantic -Wmissing-prototypes -Wpointer-arith -Wbad-function-cast -Wmissing-declarations -Wnested-externs -g -O2 -c boundarysl.c  -fno-common -DPIC -o .libs/boundarysl.o
libtool: compile:  gcc -DHAVE_CONFIG_H -I. -I.. -I../include -I../include -Wall -pedantic -Wmissing-prototypes -Wpointer-arith -Wbad-function-cast -Wmissing-declarations -Wnested-externs -g -O2 -c boundarysl.c -o boundarysl.o >/dev/null 2>&1
/bin/sh ../libtool --tag=CC   --mode=compile gcc -DHAVE_CONFIG_H -I. -I.. -I../include -I../include    -Wall -pedantic -Wmissing-prototypes -Wpointer-arith -Wbad-function-cast -Wmissing-declarations -Wnested-externs -g -O2 -c -o rdb.lo rdb.c
libtool: compile:  gcc -DHAVE_CONFIG_H -I. -I.. -I../include -I../include -Wall -pedantic -Wmissing-prototypes -Wpointer-arith -Wbad-function-cast -Wmissing-declarations -Wnested-externs -g -O2 -c rdb.c  -fno-common -DPIC -o .libs/rdb.o
libtool: compile:  gcc -DHAVE_CONFIG_H -I. -I.. -I../include -I../include -Wall -pedantic -Wmissing-prototypes -Wpointer-arith -Wbad-function-cast -Wmissing-declarations -Wnested-externs -g -O2 -c rdb.c -o rdb.o >/dev/null 2>&1
/bin/sh ../libtool --tag=CC   --mode=compile gcc -DHAVE_CONFIG_H -I. -I.. -I../include -I../include    -Wall -pedantic -Wmissing-prototypes -Wpointer-arith -Wbad-function-cast -Wmissing-declarations -Wnested-externs -g -O2 -c -o strfunc.lo strfunc.c
libtool: compile:  gcc -DHAVE_CONFIG_H -I. -I.. -I../include -I../include -Wall -pedantic -Wmissing-prototypes -Wpointer-arith -Wbad-function-cast -Wmissing-declarations -Wnested-externs -g -O2 -c strfunc.c  -fno-common -DPIC -o .libs/strfunc.o
libtool: compile:  gcc -DHAVE_CONFIG_H -I. -I.. -I../include -I../include -Wall -pedantic -Wmissing-prototypes -Wpointer-arith -Wbad-function-cast -Wmissing-declarations -Wnested-externs -g -O2 -c strfunc.c -o strfunc.o >/dev/null 2>&1
/bin/sh ../libtool --tag=CC   --mode=compile gcc -DHAVE_CONFIG_H -I. -I.. -I../include -I../include    -Wall -pedantic -Wmissing-prototypes -Wpointer-arith -Wbad-function-cast -Wmissing-declarations -Wnested-externs -g -O2 -c -o branch.lo branch.c
libtool: compile:  gcc -DHAVE_CONFIG_H -I. -I.. -I../include -I../include -Wall -pedantic -Wmissing-prototypes -Wpointer-arith -Wbad-function-cast -Wmissing-declarations -Wnested-externs -g -O2 -c branch.c  -fno-common -DPIC -o .libs/branch.o
libtool: compile:  gcc -DHAVE_CONFIG_H -I. -I.. -I../include -I../include -Wall -pedantic -Wmissing-prototypes -Wpointer-arith -Wbad-function-cast -Wmissing-declarations -Wnested-externs -g -O2 -c branch.c -o branch.o >/dev/null 2>&1
/bin/sh ../libtool --tag=CC   --mode=compile gcc -DHAVE_CONFIG_H -I. -I.. -I../include -I../include    -Wall -pedantic -Wmissing-prototypes -Wpointer-arith -Wbad-function-cast -Wmissing-declarations -Wnested-externs -g -O2 -c -o hash.lo hash.c
libtool: compile:  gcc -DHAVE_CONFIG_H -I. -I.. -I../include -I../include -Wall -pedantic -Wmissing-prototypes -Wpointer-arith -Wbad-function-cast -Wmissing-declarations -Wnested-externs -g -O2 -c hash.c  -fno-common -DPIC -o .libs/hash.o
libtool: compile:  gcc -DHAVE_CONFIG_H -I. -I.. -I../include -I../include -Wall -pedantic -Wmissing-prototypes -Wpointer-arith -Wbad-function-cast -Wmissing-declarations -Wnested-externs -g -O2 -c hash.c -o hash.o >/dev/null 2>&1
/bin/sh ../libtool --tag=CC   --mode=compile gcc -DHAVE_CONFIG_H -I. -I.. -I../include -I../include    -Wall -pedantic -Wmissing-prototypes -Wpointer-arith -Wbad-function-cast -Wmissing-declarations -Wnested-externs -g -O2 -c -o rdwr.lo rdwr.c
libtool: compile:  gcc -DHAVE_CONFIG_H -I. -I.. -I../include -I../include -Wall -pedantic -Wmissing-prototypes -Wpointer-arith -Wbad-function-cast -Wmissing-declarations -Wnested-externs -g -O2 -c rdwr.c  -fno-common -DPIC -o .libs/rdwr.o
libtool: compile:  gcc -DHAVE_CONFIG_H -I. -I.. -I../include -I../include -Wall -pedantic -Wmissing-prototypes -Wpointer-arith -Wbad-function-cast -Wmissing-declarations -Wnested-externs -g -O2 -c rdwr.c -o rdwr.o >/dev/null 2>&1
/bin/sh ../libtool --tag=CC   --mode=compile gcc -DHAVE_CONFIG_H -I. -I.. -I../include -I../include    -Wall -pedantic -Wmissing-prototypes -Wpointer-arith -Wbad-function-cast -Wmissing-declarations -Wnested-externs -g -O2 -c -o subelem.lo subelem.c
libtool: compile:  gcc -DHAVE_CONFIG_H -I. -I.. -I../include -I../include -Wall -pedantic -Wmissing-prototypes -Wpointer-arith -Wbad-function-cast -Wmissing-declarations -Wnested-externs -g -O2 -c subelem.c  -fno-common -DPIC -o .libs/subelem.o
libtool: compile:  gcc -DHAVE_CONFIG_H -I. -I.. -I../include -I../include -Wall -pedantic -Wmissing-prototypes -Wpointer-arith -Wbad-function-cast -Wmissing-declarations -Wnested-externs -g -O2 -c subelem.c -o subelem.o >/dev/null 2>&1
/bin/sh ../libtool --tag=CC   --mode=compile gcc -DHAVE_CONFIG_H -I. -I.. -I../include -I../include    -Wall -pedantic -Wmissing-prototypes -Wpointer-arith -Wbad-function-cast -Wmissing-declarations -Wnested-externs -g -O2 -c -o bsdrb.lo bsdrb.c
libtool: compile:  gcc -DHAVE_CONFIG_H -I. -I.. -I../include -I../include -Wall -pedantic -Wmissing-prototypes -Wpointer-arith -Wbad-function-cast -Wmissing-declarations -Wnested-externs -g -O2 -c bsdrb.c  -fno-common -DPIC -o .libs/bsdrb.o
libtool: compile:  gcc -DHAVE_CONFIG_H -I. -I.. -I../include -I../include -Wall -pedantic -Wmissing-prototypes -Wpointer-arith -Wbad-function-cast -Wmissing-declarations -Wnested-externs -g -O2 -c bsdrb.c -o bsdrb.o >/dev/null 2>&1
/bin/sh ../libtool --tag=CC   --mode=compile gcc -DHAVE_CONFIG_H -I. -I.. -I../include -I../include    -Wall -pedantic -Wmissing-prototypes -Wpointer-arith -Wbad-function-cast -Wmissing-declarations -Wnested-externs -g -O2 -c -o hashfunc.lo hashfunc.c
libtool: compile:  gcc -DHAVE_CONFIG_H -I. -I.. -I../include -I../include -Wall -pedantic -Wmissing-prototypes -Wpointer-arith -Wbad-function-cast -Wmissing-declarations -Wnested-externs -g -O2 -c hashfunc.c  -fno-common -DPIC -o .libs/hashfunc.o
libtool: compile:  gcc -DHAVE_CONFIG_H -I. -I.. -I../include -I../include -Wall -pedantic -Wmissing-prototypes -Wpointer-arith -Wbad-function-cast -Wmissing-declarations -Wnested-externs -g -O2 -c hashfunc.c -o hashfunc.o >/dev/null 2>&1
/bin/sh ../libtool --tag=CC   --mode=compile gcc -DHAVE_CONFIG_H -I. -I.. -I../include -I../include    -Wall -pedantic -Wmissing-prototypes -Wpointer-arith -Wbad-function-cast -Wmissing-declarations -Wnested-externs -g -O2 -c -o resset.lo resset.c
libtool: compile:  gcc -DHAVE_CONFIG_H -I. -I.. -I../include -I../include -Wall -pedantic -Wmissing-prototypes -Wpointer-arith -Wbad-function-cast -Wmissing-declarations -Wnested-externs -g -O2 -c resset.c  -fno-common -DPIC -o .libs/resset.o
libtool: compile:  gcc -DHAVE_CONFIG_H -I. -I.. -I../include -I../include -Wall -pedantic -Wmissing-prototypes -Wpointer-arith -Wbad-function-cast -Wmissing-declarations -Wnested-externs -g -O2 -c resset.c -o resset.o >/dev/null 2>&1
/bin/sh ../libtool --tag=CC   --mode=compile gcc -DHAVE_CONFIG_H -I. -I.. -I../include -I../include    -Wall -pedantic -Wmissing-prototypes -Wpointer-arith -Wbad-function-cast -Wmissing-declarations -Wnested-externs -g -O2 -c -o varr.lo varr.c
libtool: compile:  gcc -DHAVE_CONFIG_H -I. -I.. -I../include -I../include -Wall -pedantic -Wmissing-prototypes -Wpointer-arith -Wbad-function-cast -Wmissing-declarations -Wnested-externs -g -O2 -c varr.c  -fno-common -DPIC -o .libs/varr.o
libtool: compile:  gcc -DHAVE_CONFIG_H -I. -I.. -I../include -I../include -Wall -pedantic -Wmissing-prototypes -Wpointer-arith -Wbad-function-cast -Wmissing-declarations -Wnested-externs -g -O2 -c varr.c -o varr.o >/dev/null 2>&1
/bin/sh ../libtool --tag=CC   --mode=compile gcc -DHAVE_CONFIG_H -I. -I.. -I../include -I../include    -Wall -pedantic -Wmissing-prototypes -Wpointer-arith -Wbad-function-cast -Wmissing-declarations -Wnested-externs -g -O2 -c -o cache.lo cache.c
libtool: compile:  gcc -DHAVE_CONFIG_H -I. -I.. -I../include -I../include -Wall -pedantic -Wmissing-prototypes -Wpointer-arith -Wbad-function-cast -Wmissing-declarations -Wnested-externs -g -O2 -c cache.c  -fno-common -DPIC -o .libs/cache.o
libtool: compile:  gcc -DHAVE_CONFIG_H -I. -I.. -I../include -I../include -Wall -pedantic -Wmissing-prototypes -Wpointer-arith -Wbad-function-cast -Wmissing-declarations -Wnested-externs -g -O2 -c cache.c -o cache.o >/dev/null 2>&1
/bin/sh ../libtool --tag=CC   --mode=compile gcc -DHAVE_CONFIG_H -I. -I.. -I../include -I../include    -Wall -pedantic -Wmissing-prototypes -Wpointer-arith -Wbad-function-cast -Wmissing-declarations -Wnested-externs -g -O2 -c -o index.lo index.c
libtool: compile:  gcc -DHAVE_CONFIG_H -I. -I.. -I../include -I../include -Wall -pedantic -Wmissing-prototypes -Wpointer-arith -Wbad-function-cast -Wmissing-declarations -Wnested-externs -g -O2 -c index.c  -fno-common -DPIC -o .libs/index.o
libtool: compile:  gcc -DHAVE_CONFIG_H -I. -I.. -I../include -I../include -Wall -pedantic -Wmissing-prototypes -Wpointer-arith -Wbad-function-cast -Wmissing-declarations -Wnested-externs -g -O2 -c index.c -o index.o >/dev/null 2>&1
/bin/sh ../libtool --tag=CC   --mode=compile gcc -DHAVE_CONFIG_H -I. -I.. -I../include -I../include    -Wall -pedantic -Wmissing-prototypes -Wpointer-arith -Wbad-function-cast -Wmissing-declarations -Wnested-externs -g -O2 -c -o rm.lo rm.c
libtool: compile:  gcc -DHAVE_CONFIG_H -I. -I.. -I../include -I../include -Wall -pedantic -Wmissing-prototypes -Wpointer-arith -Wbad-function-cast -Wmissing-declarations -Wnested-externs -g -O2 -c rm.c  -fno-common -DPIC -o .libs/rm.o
libtool: compile:  gcc -DHAVE_CONFIG_H -I. -I.. -I../include -I../include -Wall -pedantic -Wmissing-prototypes -Wpointer-arith -Wbad-function-cast -Wmissing-declarations -Wnested-externs -g -O2 -c rm.c -o rm.o >/dev/null 2>&1
/bin/sh ../libtool --tag=CC   --mode=compile gcc -DHAVE_CONFIG_H -I. -I.. -I../include -I../include    -Wall -pedantic -Wmissing-prototypes -Wpointer-arith -Wbad-function-cast -Wmissing-declarations -Wnested-externs -g -O2 -c -o verify.lo verify.c
libtool: compile:  gcc -DHAVE_CONFIG_H -I. -I.. -I../include -I../include -Wall -pedantic -Wmissing-prototypes -Wpointer-arith -Wbad-function-cast -Wmissing-declarations -Wnested-externs -g -O2 -c verify.c  -fno-common -DPIC -o .libs/verify.o
libtool: compile:  gcc -DHAVE_CONFIG_H -I. -I.. -I../include -I../include -Wall -pedantic -Wmissing-prototypes -Wpointer-arith -Wbad-function-cast -Wmissing-declarations -Wnested-externs -g -O2 -c verify.c -o verify.o >/dev/null 2>&1
/bin/sh ../libtool --tag=CC   --mode=compile gcc -DHAVE_CONFIG_H -I. -I.. -I../include -I../include    -Wall -pedantic -Wmissing-prototypes -Wpointer-arith -Wbad-function-cast -Wmissing-declarations -Wnested-externs -g -O2 -c -o cachetime.lo cachetime.c
libtool: compile:  gcc -DHAVE_CONFIG_H -I. -I.. -I../include -I../include -Wall -pedantic -Wmissing-prototypes -Wpointer-arith -Wbad-function-cast -Wmissing-declarations -Wnested-externs -g -O2 -c cachetime.c  -fno-common -DPIC -o .libs/cachetime.o
libtool: compile:  gcc -DHAVE_CONFIG_H -I. -I.. -I../include -I../include -Wall -pedantic -Wmissing-prototypes -Wpointer-arith -Wbad-function-cast -Wmissing-declarations -Wnested-externs -g -O2 -c cachetime.c -o cachetime.o >/dev/null 2>&1
/bin/sh ../libtool --tag=CC   --mode=compile gcc -DHAVE_CONFIG_H -I. -I.. -I../include -I../include    -Wall -pedantic -Wmissing-prototypes -Wpointer-arith -Wbad-function-cast -Wmissing-declarations -Wnested-externs -g -O2 -c -o junc.lo junc.c
libtool: compile:  gcc -DHAVE_CONFIG_H -I. -I.. -I../include -I../include -Wall -pedantic -Wmissing-prototypes -Wpointer-arith -Wbad-function-cast -Wmissing-declarations -Wnested-externs -g -O2 -c junc.c  -fno-common -DPIC -o .libs/junc.o
libtool: compile:  gcc -DHAVE_CONFIG_H -I. -I.. -I../include -I../include -Wall -pedantic -Wmissing-prototypes -Wpointer-arith -Wbad-function-cast -Wmissing-declarations -Wnested-externs -g -O2 -c junc.c -o junc.o >/dev/null 2>&1
/bin/sh ../libtool --tag=CC   --mode=compile gcc -DHAVE_CONFIG_H -I. -I.. -I../include -I../include    -Wall -pedantic -Wmissing-prototypes -Wpointer-arith -Wbad-function-cast -Wmissing-declarations -Wnested-externs -g -O2 -c -o ruleinfo.lo ruleinfo.c
libtool: compile:  gcc -DHAVE_CONFIG_H -I. -I.. -I../include -I../include -Wall -pedantic -Wmissing-prototypes -Wpointer-arith -Wbad-function-cast -Wmissing-declarations -Wnested-externs -g -O2 -c ruleinfo.c  -fno-common -DPIC -o .libs/ruleinfo.o
libtool: compile:  gcc -DHAVE_CONFIG_H -I. -I.. -I../include -I../include -Wall -pedantic -Wmissing-prototypes -Wpointer-arith -Wbad-function-cast -Wmissing-declarations -Wnested-externs -g -O2 -c ruleinfo.c -o ruleinfo.o >/dev/null 2>&1
/bin/sh ../libtool --tag=CC   --mode=compile gcc -DHAVE_CONFIG_H -I. -I.. -I../include -I../include    -Wall -pedantic -Wmissing-prototypes -Wpointer-arith -Wbad-function-cast -Wmissing-declarations -Wnested-externs -g -O2 -c -o wrappers.lo wrappers.c
libtool: compile:  gcc -DHAVE_CONFIG_H -I. -I.. -I../include -I../include -Wall -pedantic -Wmissing-prototypes -Wpointer-arith -Wbad-function-cast -Wmissing-declarations -Wnested-externs -g -O2 -c wrappers.c  -fno-common -DPIC -o .libs/wrappers.o
libtool: compile:  gcc -DHAVE_CONFIG_H -I. -I.. -I../include -I../include -Wall -pedantic -Wmissing-prototypes -Wpointer-arith -Wbad-function-cast -Wmissing-declarations -Wnested-externs -g -O2 -c wrappers.c -o wrappers.o >/dev/null 2>&1
/bin/sh ../libtool --tag=CC   --mode=compile gcc -DHAVE_CONFIG_H -I. -I.. -I../include -I../include    -Wall -pedantic -Wmissing-prototypes -Wpointer-arith -Wbad-function-cast -Wmissing-declarations -Wnested-externs -g -O2 -c -o check.lo check.c
libtool: compile:  gcc -DHAVE_CONFIG_H -I. -I.. -I../include -I../include -Wall -pedantic -Wmissing-prototypes -Wpointer-arith -Wbad-function-cast -Wmissing-declarations -Wnested-externs -g -O2 -c check.c  -fno-common -DPIC -o .libs/check.o
libtool: compile:  gcc -DHAVE_CONFIG_H -I. -I.. -I../include -I../include -Wall -pedantic -Wmissing-prototypes -Wpointer-arith -Wbad-function-cast -Wmissing-declarations -Wnested-externs -g -O2 -c check.c -o check.o >/dev/null 2>&1
/bin/sh ../libtool --tag=CC   --mode=compile gcc -DHAVE_CONFIG_H -I. -I.. -I../include -I../include    -Wall -pedantic -Wmissing-prototypes -Wpointer-arith -Wbad-function-cast -Wmissing-declarations -Wnested-externs -g -O2 -c -o list.lo list.c
libtool: compile:  gcc -DHAVE_CONFIG_H -I. -I.. -I../include -I../include -Wall -pedantic -Wmissing-prototypes -Wpointer-arith -Wbad-function-cast -Wmissing-declarations -Wnested-externs -g -O2 -c list.c  -fno-common -DPIC -o .libs/list.o
libtool: compile:  gcc -DHAVE_CONFIG_H -I. -I.. -I../include -I../include -Wall -pedantic -Wmissing-prototypes -Wpointer-arith -Wbad-function-cast -Wmissing-declarations -Wnested-externs -g -O2 -c list.c -o list.o >/dev/null 2>&1
/bin/sh ../libtool --tag=CC   --mode=compile gcc -DHAVE_CONFIG_H -I. -I.. -I../include -I../include    -Wall -pedantic -Wmissing-prototypes -Wpointer-arith -Wbad-function-cast -Wmissing-declarations -Wnested-externs -g -O2 -c -o ruleinst.lo ruleinst.c
libtool: compile:  gcc -DHAVE_CONFIG_H -I. -I.. -I../include -I../include -Wall -pedantic -Wmissing-prototypes -Wpointer-arith -Wbad-function-cast -Wmissing-declarations -Wnested-externs -g -O2 -c ruleinst.c  -fno-common -DPIC -o .libs/ruleinst.o
libtool: compile:  gcc -DHAVE_CONFIG_H -I. -I.. -I../include -I../include -Wall -pedantic -Wmissing-prototypes -Wpointer-arith -Wbad-function-cast -Wmissing-declarations -Wnested-externs -g -O2 -c ruleinst.c -o ruleinst.o >/dev/null 2>&1
/bin/sh ../libtool --tag=CC   --mode=compile gcc -DHAVE_CONFIG_H -I. -I.. -I../include -I../include    -Wall -pedantic -Wmissing-prototypes -Wpointer-arith -Wbad-function-cast -Wmissing-declarations -Wnested-externs -g -O2 -c -o ll.lo ll.c
libtool: compile:  gcc -DHAVE_CONFIG_H -I. -I.. -I../include -I../include -Wall -pedantic -Wmissing-prototypes -Wpointer-arith -Wbad-function-cast -Wmissing-declarations -Wnested-externs -g -O2 -c ll.c  -fno-common -DPIC -o .libs/ll.o
libtool: compile:  gcc -DHAVE_CONFIG_H -I. -I.. -I../include -I../include -Wall -pedantic -Wmissing-prototypes -Wpointer-arith -Wbad-function-cast -Wmissing-declarations -Wnested-externs -g -O2 -c ll.c -o ll.o >/dev/null 2>&1
/bin/sh ../libtool --tag=CC   --mode=compile gcc -DHAVE_CONFIG_H -I. -I.. -I../include -I../include    -Wall -pedantic -Wmissing-prototypes -Wpointer-arith -Wbad-function-cast -Wmissing-declarations -Wnested-externs -g -O2 -c -o rvapi.lo rvapi.c
libtool: compile:  gcc -DHAVE_CONFIG_H -I. -I.. -I../include -I../include -Wall -pedantic -Wmissing-prototypes -Wpointer-arith -Wbad-function-cast -Wmissing-declarations -Wnested-externs -g -O2 -c rvapi.c  -fno-common -DPIC -o .libs/rvapi.o
libtool: compile:  gcc -DHAVE_CONFIG_H -I. -I.. -I../include -I../include -Wall -pedantic -Wmissing-prototypes -Wpointer-arith -Wbad-function-cast -Wmissing-declarations -Wnested-externs -g -O2 -c rvapi.c -o rvapi.o >/dev/null 2>&1
/bin/sh ../libtool --tag=CC   --mode=compile gcc -DHAVE_CONFIG_H -I. -I.. -I../include -I../include    -Wall -pedantic -Wmissing-prototypes -Wpointer-arith -Wbad-function-cast -Wmissing-declarations -Wnested-externs -g -O2 -c -o db0.lo db0.c
libtool: compile:  gcc -DHAVE_CONFIG_H -I. -I.. -I../include -I../include -Wall -pedantic -Wmissing-prototypes -Wpointer-arith -Wbad-function-cast -Wmissing-declarations -Wnested-externs -g -O2 -c db0.c  -fno-common -DPIC -o .libs/db0.o
libtool: compile:  gcc -DHAVE_CONFIG_H -I. -I.. -I../include -I../include -Wall -pedantic -Wmissing-prototypes -Wpointer-arith -Wbad-function-cast -Wmissing-declarations -Wnested-externs -g -O2 -c db0.c -o db0.o >/dev/null 2>&1
/bin/sh ../libtool --tag=CC   --mode=compile gcc -DHAVE_CONFIG_H -I. -I.. -I../include -I../include    -Wall -pedantic -Wmissing-prototypes -Wpointer-arith -Wbad-function-cast -Wmissing-declarations -Wnested-externs -g -O2 -c -o log.lo log.c
libtool: compile:  gcc -DHAVE_CONFIG_H -I. -I.. -I../include -I../include -Wall -pedantic -Wmissing-prototypes -Wpointer-arith -Wbad-function-cast -Wmissing-declarations -Wnested-externs -g -O2 -c log.c  -fno-common -DPIC -o .libs/log.o
libtool: compile:  gcc -DHAVE_CONFIG_H -I. -I.. -I../include -I../include -Wall -pedantic -Wmissing-prototypes -Wpointer-arith -Wbad-function-cast -Wmissing-declarations -Wnested-externs -g -O2 -c log.c -o log.o >/dev/null 2>&1
/bin/sh ../libtool --tag=CC   --mode=compile gcc -DHAVE_CONFIG_H -I. -I.. -I../include -I../include    -Wall -pedantic -Wmissing-prototypes -Wpointer-arith -Wbad-function-cast -Wmissing-declarations -Wnested-externs -g -O2 -c -o sexp.lo sexp.c
libtool: compile:  gcc -DHAVE_CONFIG_H -I. -I.. -I../include -I../include -Wall -pedantic -Wmissing-prototypes -Wpointer-arith -Wbad-function-cast -Wmissing-declarations -Wnested-externs -g -O2 -c sexp.c  -fno-common -DPIC -o .libs/sexp.o
libtool: compile:  gcc -DHAVE_CONFIG_H -I. -I.. -I../include -I../include -Wall -pedantic -Wmissing-prototypes -Wpointer-arith -Wbad-function-cast -Wmissing-declarations -Wnested-externs -g -O2 -c sexp.c -o sexp.o >/dev/null 2>&1
/bin/sh ../libtool --tag=CC   --mode=link gcc  -Wall -pedantic -Wmissing-prototypes -Wpointer-arith -Wbad-function-cast -Wmissing-declarations -Wnested-externs -g -O2 -version-info 2:2:0  -o libspocp.la -rpath /usr/local/spocp/lib aci.lo dback.lo match.lo sexptool.lo atom.lo dbapi.lo oct.lo sha1.lo atommatch.lo display.lo octarr.lo skiplist.lo basic.lo dset.lo parr.lo bcexp.lo element.lo parse.lo spocp.lo bcond.lo element_I.lo plugin.lo spocp_result.lo be_cpool.lo element_display.lo range.lo ssn.lo boundary.lo eval.lo rangestore.lo ssn_b.lo boundarysl.lo rdb.lo strfunc.lo branch.lo hash.lo rdwr.lo subelem.lo bsdrb.lo hashfunc.lo resset.lo varr.lo cache.lo index.lo rm.lo verify.lo cachetime.lo junc.lo ruleinfo.lo wrappers.lo check.lo list.lo ruleinst.lo ll.lo rvapi.lo db0.lo log.lo sexp.lo  -lldap -llber -lcrypto -lpthread -lresolv 
libtool: link: gcc -dynamiclib -Wl,-undefined -Wl,dynamic_lookup -o .libs/libspocp.2.dylib  .libs/aci.o .libs/dback.o .libs/match.o .libs/sexptool.o .libs/atom.o .libs/dbapi.o .libs/oct.o .libs/sha1.o .libs/atommatch.o .libs/display.o .libs/octarr.o .libs/skiplist.o .libs/basic.o .libs/dset.o .libs/parr.o .libs/bcexp.o .libs/element.o .libs/parse.o .libs/spocp.o .libs/bcond.o .libs/element_I.o .libs/plugin.o .libs/spocp_result.o .libs/be_cpool.o .libs/element_display.o .libs/range.o .libs/ssn.o .libs/boundary.o .libs/eval.o .libs/rangestore.o .libs/ssn_b.o .libs/boundarysl.o .libs/rdb.o .libs/strfunc.o .libs/branch.o .libs/hash.o .libs/rdwr.o .libs/subelem.o .libs/bsdrb.o .libs/hashfunc.o .libs/resset.o .libs/varr.o .libs/cache.o .libs/index.o .libs/rm.o .libs/verify.o .libs/cachetime.o .libs/junc.o .libs/ruleinfo.o .libs/wrappers.o .libs/check.o .libs/list.o .libs/ruleinst.o .libs/ll.o .libs/rvapi.o .libs/db0.o .libs/log.o .libs/sexp.o   -lldap -llber -lcrypto -lpthread -lresolv    -install_name  /usr/local/spocp/lib/libspocp.2.dylib -compatibility_version 3 -current_version 3.2 -Wl,-single_module
libtool: link: dsymutil .libs/libspocp.2.dylib || :
libtool: link: (cd ".libs" && rm -f "libspocp.dylib" && ln -s "libspocp.2.dylib" "libspocp.dylib")
libtool: link: ar cru .libs/libspocp.a  aci.o dback.o match.o sexptool.o atom.o dbapi.o oct.o sha1.o atommatch.o display.o octarr.o skiplist.o basic.o dset.o parr.o bcexp.o element.o parse.o spocp.o bcond.o element_I.o plugin.o spocp_result.o be_cpool.o element_display.o range.o ssn.o boundary.o eval.o rangestore.o ssn_b.o boundarysl.o rdb.o strfunc.o branch.o hash.o rdwr.o subelem.o bsdrb.o hashfunc.o resset.o varr.o cache.o index.o rm.o verify.o cachetime.o junc.o ruleinfo.o wrappers.o check.o list.o ruleinst.o ll.o rvapi.o db0.o log.o sexp.o
libtool: link: ranlib .libs/libspocp.a
libtool: link: ( cd ".libs" && rm -f "libspocp.la" && ln -s "../libspocp.la" "libspocp.la" )
/bin/sh ../libtool --tag=CC   --mode=link gcc  -Wall -pedantic -Wmissing-prototypes -Wpointer-arith -Wbad-function-cast -Wmissing-declarations -Wnested-externs -g -O2 -version-info 2:1:0  -o libspocpbasic.la -rpath /usr/local/spocp/lib strfunc.lo oct.lo octarr.lo sexp.lo wrappers.lo log.lo sexptool.lo parse.lo  -lldap -llber -lcrypto -lpthread -lresolv 
libtool: link: gcc -dynamiclib -Wl,-undefined -Wl,dynamic_lookup -o .libs/libspocpbasic.2.dylib  .libs/strfunc.o .libs/oct.o .libs/octarr.o .libs/sexp.o .libs/wrappers.o .libs/log.o .libs/sexptool.o .libs/parse.o   -lldap -llber -lcrypto -lpthread -lresolv    -install_name  /usr/local/spocp/lib/libspocpbasic.2.dylib -compatibility_version 3 -current_version 3.1 -Wl,-single_module
libtool: link: dsymutil .libs/libspocpbasic.2.dylib || :
libtool: link: (cd ".libs" && rm -f "libspocpbasic.dylib" && ln -s "libspocpbasic.2.dylib" "libspocpbasic.dylib")
libtool: link: ar cru .libs/libspocpbasic.a  strfunc.o oct.o octarr.o sexp.o wrappers.o log.o sexptool.o parse.o
libtool: link: ranlib .libs/libspocpbasic.a
libtool: link: ( cd ".libs" && rm -f "libspocpbasic.la" && ln -s "../libspocpbasic.la" "libspocpbasic.la" )
Making all in server
gcc -DHAVE_CONFIG_H -I. -I.. -I../include -I../include     -Wall -pedantic -Wmissing-prototypes -Wpointer-arith -Wbad-function-cast -Wmissing-declarations -Wnested-externs -g -O2 -c main.c
gcc -DHAVE_CONFIG_H -I. -I.. -I../include -I../include     -Wall -pedantic -Wmissing-prototypes -Wpointer-arith -Wbad-function-cast -Wmissing-declarations -Wnested-externs -g -O2 -c srv.c
gcc -DHAVE_CONFIG_H -I. -I.. -I../include -I../include     -Wall -pedantic -Wmissing-prototypes -Wpointer-arith -Wbad-function-cast -Wmissing-declarations -Wnested-externs -g -O2 -c tls.c
gcc -DHAVE_CONFIG_H -I. -I.. -I../include -I../include     -Wall -pedantic -Wmissing-prototypes -Wpointer-arith -Wbad-function-cast -Wmissing-declarations -Wnested-externs -g -O2 -c treelist.c
gcc -DHAVE_CONFIG_H -I. -I.. -I../include -I../include     -Wall -pedantic -Wmissing-prototypes -Wpointer-arith -Wbad-function-cast -Wmissing-declarations -Wnested-externs -g -O2 -c config.c
gcc -DHAVE_CONFIG_H -I. -I.. -I../include -I../include     -Wall -pedantic -Wmissing-prototypes -Wpointer-arith -Wbad-function-cast -Wmissing-declarations -Wnested-externs -g -O2 -c tpool.c
gcc -DHAVE_CONFIG_H -I. -I.. -I../include -I../include     -Wall -pedantic -Wmissing-prototypes -Wpointer-arith -Wbad-function-cast -Wmissing-declarations -Wnested-externs -g -O2 -c cpool.c
gcc -DHAVE_CONFIG_H -I. -I.. -I../include -I../include     -Wall -pedantic -Wmissing-prototypes -Wpointer-arith -Wbad-function-cast -Wmissing-declarations -Wnested-externs -g -O2 -c pool.c
gcc -DHAVE_CONFIG_H -I. -I.. -I../include -I../include     -Wall -pedantic -Wmissing-prototypes -Wpointer-arith -Wbad-function-cast -Wmissing-declarations -Wnested-externs -g -O2 -c run.c
gcc -DHAVE_CONFIG_H -I. -I.. -I../include -I../include     -Wall -pedantic -Wmissing-prototypes -Wpointer-arith -Wbad-function-cast -Wmissing-declarations -Wnested-externs -g -O2 -c iobuf.c
gcc -DHAVE_CONFIG_H -I. -I.. -I../include -I../include     -Wall -pedantic -Wmissing-prototypes -Wpointer-arith -Wbad-function-cast -Wmissing-declarations -Wnested-externs -g -O2 -c conn.c
gcc -DHAVE_CONFIG_H -I. -I.. -I../include -I../include     -Wall -pedantic -Wmissing-prototypes -Wpointer-arith -Wbad-function-cast -Wmissing-declarations -Wnested-externs -g -O2 -c socket.c
gcc -DHAVE_CONFIG_H -I. -I.. -I../include -I../include     -Wall -pedantic -Wmissing-prototypes -Wpointer-arith -Wbad-function-cast -Wmissing-declarations -Wnested-externs -g -O2 -c init.c
gcc -DHAVE_CONFIG_H -I. -I.. -I../include -I../include     -Wall -pedantic -Wmissing-prototypes -Wpointer-arith -Wbad-function-cast -Wmissing-declarations -Wnested-externs -g -O2 -c saci.c
gcc -DHAVE_CONFIG_H -I. -I.. -I../include -I../include     -Wall -pedantic -Wmissing-prototypes -Wpointer-arith -Wbad-function-cast -Wmissing-declarations -Wnested-externs -g -O2 -c ruleset.c
gcc -DHAVE_CONFIG_H -I. -I.. -I../include -I../include     -Wall -pedantic -Wmissing-prototypes -Wpointer-arith -Wbad-function-cast -Wmissing-declarations -Wnested-externs -g -O2 -c util.c
gcc -DHAVE_CONFIG_H -I. -I.. -I../include -I../include     -Wall -pedantic -Wmissing-prototypes -Wpointer-arith -Wbad-function-cast -Wmissing-declarations -Wnested-externs -g -O2 -c read.c
gcc -DHAVE_CONFIG_H -I. -I.. -I../include -I../include     -Wall -pedantic -Wmissing-prototypes -Wpointer-arith -Wbad-function-cast -Wmissing-declarations -Wnested-externs -g -O2 -c ss.c
gcc -DHAVE_CONFIG_H -I. -I.. -I../include -I../include     -Wall -pedantic -Wmissing-prototypes -Wpointer-arith -Wbad-function-cast -Wmissing-declarations -Wnested-externs -g -O2 -c readcnf.c
gcc -DHAVE_CONFIG_H -I. -I.. -I../include -I../include     -Wall -pedantic -Wmissing-prototypes -Wpointer-arith -Wbad-function-cast -Wmissing-declarations -Wnested-externs -g -O2 -c opstack.c
gcc -DHAVE_CONFIG_H -I. -I.. -I../include -I../include     -Wall -pedantic -Wmissing-prototypes -Wpointer-arith -Wbad-function-cast -Wmissing-declarations -Wnested-externs -g -O2 -c reply.c
gcc -DHAVE_CONFIG_H -I. -I.. -I../include -I../include     -Wall -pedantic -Wmissing-prototypes -Wpointer-arith -Wbad-function-cast -Wmissing-declarations -Wnested-externs -g -O2 -c collect.c
/bin/sh ../libtool --tag=CC   --mode=link gcc  -Wall -pedantic -Wmissing-prototypes -Wpointer-arith -Wbad-function-cast -Wmissing-declarations -Wnested-externs -g -O2   -o spocd main.o srv.o tls.o treelist.o config.o tpool.o cpool.o pool.o run.o iobuf.o conn.o socket.o init.o saci.o ruleset.o util.o read.o ss.o readcnf.o opstack.o reply.o collect.o -lwrap -export-dynamic ../lib/libspocp.la   -lldap -llber -lcrypto -lpthread -lresolv 
libtool: link: gcc -Wall -pedantic -Wmissing-prototypes -Wpointer-arith -Wbad-function-cast -Wmissing-declarations -Wnested-externs -g -O2 -o .libs/spocd main.o srv.o tls.o treelist.o config.o tpool.o cpool.o pool.o run.o iobuf.o conn.o socket.o init.o saci.o ruleset.o util.o read.o ss.o readcnf.o opstack.o reply.o collect.o  -lwrap ../lib/.libs/libspocp.dylib -lldap -llber -lcrypto -lpthread -lresolv
Making all in util
gcc -DHAVE_CONFIG_H -I. -I.. -I../include -I../include    -Wall -pedantic -Wmissing-prototypes -Wpointer-arith -Wbad-function-cast -Wmissing-declarations -Wnested-externs -g -O2 -c canonsexp.c
/bin/sh ../libtool --tag=CC   --mode=link gcc  -Wall -pedantic -Wmissing-prototypes -Wpointer-arith -Wbad-function-cast -Wmissing-declarations -Wnested-externs -g -O2   -o canonsexp canonsexp.o  -lldap -llber -lcrypto -lpthread -lresolv 
libtool: link: gcc -Wall -pedantic -Wmissing-prototypes -Wpointer-arith -Wbad-function-cast -Wmissing-declarations -Wnested-externs -g -O2 -o canonsexp canonsexp.o  -lldap -llber -lcrypto -lpthread -lresolv
gcc -DHAVE_CONFIG_H -I. -I.. -I../include -I../include    -Wall -pedantic -Wmissing-prototypes -Wpointer-arith -Wbad-function-cast -Wmissing-declarations -Wnested-externs -g -O2 -c adv2can.c
/bin/sh ../libtool --tag=CC   --mode=link gcc  -Wall -pedantic -Wmissing-prototypes -Wpointer-arith -Wbad-function-cast -Wmissing-declarations -Wnested-externs -g -O2   -o adv2can adv2can.o  -lldap -llber -lcrypto -lpthread -lresolv 
libtool: link: gcc -Wall -pedantic -Wmissing-prototypes -Wpointer-arith -Wbad-function-cast -Wmissing-declarations -Wnested-externs -g -O2 -o adv2can adv2can.o  -lldap -llber -lcrypto -lpthread -lresolv
Making all in client
Making all in src
/bin/sh ../../libtool --tag=CC   --mode=compile gcc -DHAVE_CONFIG_H -I. -I../.. -I../../include     -Wall -pedantic -Wmissing-prototypes -Wpointer-arith -Wbad-function-cast -Wmissing-declarations -Wnested-externs -g -O2 -c -o clilib.lo clilib.c
libtool: compile:  gcc -DHAVE_CONFIG_H -I. -I../.. -I../../include -Wall -pedantic -Wmissing-prototypes -Wpointer-arith -Wbad-function-cast -Wmissing-declarations -Wnested-externs -g -O2 -c clilib.c  -fno-common -DPIC -o .libs/clilib.o
libtool: compile:  gcc -DHAVE_CONFIG_H -I. -I../.. -I../../include -Wall -pedantic -Wmissing-prototypes -Wpointer-arith -Wbad-function-cast -Wmissing-declarations -Wnested-externs -g -O2 -c clilib.c -o clilib.o >/dev/null 2>&1
/bin/sh ../../libtool --tag=CC   --mode=link gcc  -Wall -pedantic -Wmissing-prototypes -Wpointer-arith -Wbad-function-cast -Wmissing-declarations -Wnested-externs -g -O2 -version-info 2:1:0 -L../../lib -lspocpbasic    -o libspocpclient.la -rpath /usr/local/spocp/lib clilib.lo  -lldap -llber -lcrypto -lpthread -lresolv 
libtool: link: gcc -dynamiclib -Wl,-undefined -Wl,dynamic_lookup -o .libs/libspocpclient.2.dylib  .libs/clilib.o   -L/Users/rolandh/code/spocp-git/lib /Users/rolandh/code/spocp-git/lib/.libs/libspocpbasic.dylib -lldap -llber -lcrypto -lpthread -lresolv    -install_name  /usr/local/spocp/lib/libspocpclient.2.dylib -compatibility_version 3 -current_version 3.1 -Wl,-single_module
libtool: link: dsymutil .libs/libspocpclient.2.dylib || :
libtool: link: (cd ".libs" && rm -f "libspocpclient.dylib" && ln -s "libspocpclient.2.dylib" "libspocpclient.dylib")
libtool: link: ar cru .libs/libspocpclient.a  clilib.o
libtool: link: ranlib .libs/libspocpclient.a
libtool: link: ( cd ".libs" && rm -f "libspocpclient.la" && ln -s "../libspocpclient.la" "libspocpclient.la" )
Making all in tools
gcc -DHAVE_CONFIG_H -I. -I../.. -I. -I../../include -I../../server     -Wall -pedantic -Wmissing-prototypes -Wpointer-arith -Wbad-function-cast -Wmissing-declarations -Wnested-externs -g -O2 -c spocpput.c
gcc -DHAVE_CONFIG_H -I. -I../.. -I. -I../../include -I../../server     -Wall -pedantic -Wmissing-prototypes -Wpointer-arith -Wbad-function-cast -Wmissing-declarations -Wnested-externs -g -O2 -c -o readcnf.o `test -f '../../server/readcnf.c' || echo './'`../../server/readcnf.c
/bin/sh ../../libtool --tag=CC   --mode=link gcc  -Wall -pedantic -Wmissing-prototypes -Wpointer-arith -Wbad-function-cast -Wmissing-declarations -Wnested-externs -g -O2   -o spocpput spocpput.o readcnf.o ../src/libspocpclient.la -lldap -llber -lcrypto -lpthread -lresolv 
libtool: link: gcc -Wall -pedantic -Wmissing-prototypes -Wpointer-arith -Wbad-function-cast -Wmissing-declarations -Wnested-externs -g -O2 -o .libs/spocpput spocpput.o readcnf.o  ../src/.libs/libspocpclient.dylib -L/Users/rolandh/code/spocp-git/lib /Users/rolandh/code/spocp-git/lib/.libs/libspocpbasic.dylib -lldap -llber -lcrypto -lpthread -lresolv
gcc -DHAVE_CONFIG_H -I. -I../.. -I. -I../../include -I../../server     -Wall -pedantic -Wmissing-prototypes -Wpointer-arith -Wbad-function-cast -Wmissing-declarations -Wnested-externs -g -O2 -c spocpget.c
/bin/sh ../../libtool --tag=CC   --mode=link gcc  -Wall -pedantic -Wmissing-prototypes -Wpointer-arith -Wbad-function-cast -Wmissing-declarations -Wnested-externs -g -O2   -o spocpget spocpget.o ../src/libspocpclient.la -lldap -llber -lcrypto -lpthread -lresolv 
libtool: link: gcc -Wall -pedantic -Wmissing-prototypes -Wpointer-arith -Wbad-function-cast -Wmissing-declarations -Wnested-externs -g -O2 -o .libs/spocpget spocpget.o  ../src/.libs/libspocpclient.dylib -L/Users/rolandh/code/spocp-git/lib /Users/rolandh/code/spocp-git/lib/.libs/libspocpbasic.dylib -lldap -llber -lcrypto -lpthread -lresolv
gcc -DHAVE_CONFIG_H -I. -I../.. -I. -I../../include -I../../server     -Wall -pedantic -Wmissing-prototypes -Wpointer-arith -Wbad-function-cast -Wmissing-declarations -Wnested-externs -g -O2 -c spocptest.c
/bin/sh ../../libtool --tag=CC   --mode=link gcc  -Wall -pedantic -Wmissing-prototypes -Wpointer-arith -Wbad-function-cast -Wmissing-declarations -Wnested-externs -g -O2   -o spocptest spocptest.o ../src/libspocpclient.la -lldap -llber -lcrypto -lpthread -lresolv 
libtool: link: gcc -Wall -pedantic -Wmissing-prototypes -Wpointer-arith -Wbad-function-cast -Wmissing-declarations -Wnested-externs -g -O2 -o .libs/spocptest spocptest.o  ../src/.libs/libspocpclient.dylib -L/Users/rolandh/code/spocp-git/lib /Users/rolandh/code/spocp-git/lib/.libs/libspocpbasic.dylib -lldap -llber -lcrypto -lpthread -lresolv
gcc -DHAVE_CONFIG_H -I. -I../.. -I. -I../../include -I../../server     -Wall -pedantic -Wmissing-prototypes -Wpointer-arith -Wbad-function-cast -Wmissing-declarations -Wnested-externs -g -O2 -c spocppatch.c
/bin/sh ../../libtool --tag=CC   --mode=link gcc  -Wall -pedantic -Wmissing-prototypes -Wpointer-arith -Wbad-function-cast -Wmissing-declarations -Wnested-externs -g -O2   -o spocppatch spocppatch.o ../src/libspocpclient.la -lldap -llber -lcrypto -lpthread -lresolv 
libtool: link: gcc -Wall -pedantic -Wmissing-prototypes -Wpointer-arith -Wbad-function-cast -Wmissing-declarations -Wnested-externs -g -O2 -o .libs/spocppatch spocppatch.o  ../src/.libs/libspocpclient.dylib -L/Users/rolandh/code/spocp-git/lib /Users/rolandh/code/spocp-git/lib/.libs/libspocpbasic.dylib -lldap -llber -lcrypto -lpthread -lresolv
gcc -DHAVE_CONFIG_H -I. -I../.. -I. -I../../include -I../../server     -Wall -pedantic -Wmissing-prototypes -Wpointer-arith -Wbad-function-cast -Wmissing-declarations -Wnested-externs -g -O2 -c spocpperf.c
/bin/sh ../../libtool --tag=CC   --mode=link gcc  -Wall -pedantic -Wmissing-prototypes -Wpointer-arith -Wbad-function-cast -Wmissing-declarations -Wnested-externs -g -O2   -o spocpperf spocpperf.o ../src/libspocpclient.la -lldap -llber -lcrypto -lpthread -lresolv 
libtool: link: gcc -Wall -pedantic -Wmissing-prototypes -Wpointer-arith -Wbad-function-cast -Wmissing-declarations -Wnested-externs -g -O2 -o .libs/spocpperf spocpperf.o  ../src/.libs/libspocpclient.dylib -L/Users/rolandh/code/spocp-git/lib /Users/rolandh/code/spocp-git/lib/.libs/libspocpbasic.dylib -lldap -llber -lcrypto -lpthread -lresolv
make[3]: Nothing to be done for `all-am'.
Making all in backends
Making all in cert
/bin/sh ../../libtool --tag=CC   --mode=compile gcc -DHAVE_CONFIG_H -I. -I../.. -I./../../include    -Wall -pedantic -Wmissing-prototypes -Wpointer-arith -Wbad-function-cast -Wmissing-declarations -Wnested-externs -g -O2 -c -o cert.lo cert.c
libtool: compile:  gcc -DHAVE_CONFIG_H -I. -I../.. -I./../../include -Wall -pedantic -Wmissing-prototypes -Wpointer-arith -Wbad-function-cast -Wmissing-declarations -Wnested-externs -g -O2 -c cert.c  -fno-common -DPIC -o .libs/cert.o
libtool: compile:  gcc -DHAVE_CONFIG_H -I. -I../.. -I./../../include -Wall -pedantic -Wmissing-prototypes -Wpointer-arith -Wbad-function-cast -Wmissing-declarations -Wnested-externs -g -O2 -c cert.c -o cert.o >/dev/null 2>&1
/bin/sh ../../libtool --tag=CC   --mode=link gcc  -Wall -pedantic -Wmissing-prototypes -Wpointer-arith -Wbad-function-cast -Wmissing-declarations -Wnested-externs -g -O2 -module  -o libcertplugin.la -rpath /usr/local/spocp/lib cert.lo ../../lib/libspocp.la -lldap -llber -lcrypto -lpthread -lresolv 
libtool: link: gcc -Wl,-undefined -Wl,dynamic_lookup -o .libs/libcertplugin.0.so -bundle  .libs/cert.o   ../../lib/.libs/libspocp.dylib -lldap -llber -lcrypto -lpthread -lresolv   
libtool: link: dsymutil .libs/libcertplugin.0.so || :
libtool: link: (cd ".libs" && rm -f "libcertplugin.so" && ln -s "libcertplugin.0.so" "libcertplugin.so")
libtool: link: ar cru .libs/libcertplugin.a  cert.o
libtool: link: ranlib .libs/libcertplugin.a
libtool: link: ( cd ".libs" && rm -f "libcertplugin.la" && ln -s "../libcertplugin.la" "libcertplugin.la" )
Making all in difftime
/bin/sh ../../libtool --tag=CC   --mode=compile gcc -DHAVE_CONFIG_H -I. -I../.. -I./../../include    -Wall -pedantic -Wmissing-prototypes -Wpointer-arith -Wbad-function-cast -Wmissing-declarations -Wnested-externs -g -O2 -c -o difftime.lo difftime.c
libtool: compile:  gcc -DHAVE_CONFIG_H -I. -I../.. -I./../../include -Wall -pedantic -Wmissing-prototypes -Wpointer-arith -Wbad-function-cast -Wmissing-declarations -Wnested-externs -g -O2 -c difftime.c  -fno-common -DPIC -o .libs/difftime.o
libtool: compile:  gcc -DHAVE_CONFIG_H -I. -I../.. -I./../../include -Wall -pedantic -Wmissing-prototypes -Wpointer-arith -Wbad-function-cast -Wmissing-declarations -Wnested-externs -g -O2 -c difftime.c -o difftime.o >/dev/null 2>&1
/bin/sh ../../libtool --tag=CC   --mode=link gcc  -Wall -pedantic -Wmissing-prototypes -Wpointer-arith -Wbad-function-cast -Wmissing-declarations -Wnested-externs -g -O2 -module  -o libdifftimeplugin.la -rpath /usr/local/spocp/lib difftime.lo ../../lib/libspocp.la -lldap -llber -lcrypto -lpthread -lresolv 
libtool: link: gcc -Wl,-undefined -Wl,dynamic_lookup -o .libs/libdifftimeplugin.0.so -bundle  .libs/difftime.o   ../../lib/.libs/libspocp.dylib -lldap -llber -lcrypto -lpthread -lresolv   
libtool: link: dsymutil .libs/libdifftimeplugin.0.so || :
libtool: link: (cd ".libs" && rm -f "libdifftimeplugin.so" && ln -s "libdifftimeplugin.0.so" "libdifftimeplugin.so")
libtool: link: ar cru .libs/libdifftimeplugin.a  difftime.o
libtool: link: ranlib .libs/libdifftimeplugin.a
libtool: link: ( cd ".libs" && rm -f "libdifftimeplugin.la" && ln -s "../libdifftimeplugin.la" "libdifftimeplugin.la" )
Making all in flatfile
/bin/sh ../../libtool --tag=CC   --mode=compile gcc -DHAVE_CONFIG_H -I. -I../.. -I./../../include    -Wall -pedantic -Wmissing-prototypes -Wpointer-arith -Wbad-function-cast -Wmissing-declarations -Wnested-externs -g -O2 -c -o flatfile.lo flatfile.c
libtool: compile:  gcc -DHAVE_CONFIG_H -I. -I../.. -I./../../include -Wall -pedantic -Wmissing-prototypes -Wpointer-arith -Wbad-function-cast -Wmissing-declarations -Wnested-externs -g -O2 -c flatfile.c  -fno-common -DPIC -o .libs/flatfile.o
libtool: compile:  gcc -DHAVE_CONFIG_H -I. -I../.. -I./../../include -Wall -pedantic -Wmissing-prototypes -Wpointer-arith -Wbad-function-cast -Wmissing-declarations -Wnested-externs -g -O2 -c flatfile.c -o flatfile.o >/dev/null 2>&1
/bin/sh ../../libtool --tag=CC   --mode=link gcc  -Wall -pedantic -Wmissing-prototypes -Wpointer-arith -Wbad-function-cast -Wmissing-declarations -Wnested-externs -g -O2 -module  -o libflatfplugin.la -rpath /usr/local/spocp/lib flatfile.lo ../../lib/libspocp.la -lldap -llber -lcrypto -lpthread -lresolv 
libtool: link: gcc -Wl,-undefined -Wl,dynamic_lookup -o .libs/libflatfplugin.0.so -bundle  .libs/flatfile.o   ../../lib/.libs/libspocp.dylib -lldap -llber -lcrypto -lpthread -lresolv   
libtool: link: dsymutil .libs/libflatfplugin.0.so || :
libtool: link: (cd ".libs" && rm -f "libflatfplugin.so" && ln -s "libflatfplugin.0.so" "libflatfplugin.so")
libtool: link: ar cru .libs/libflatfplugin.a  flatfile.o
libtool: link: ranlib .libs/libflatfplugin.a
libtool: link: ( cd ".libs" && rm -f "libflatfplugin.la" && ln -s "../libflatfplugin.la" "libflatfplugin.la" )
Making all in gdbm
make[3]: Nothing to be done for `all'.
Making all in ipnum
/bin/sh ../../libtool --tag=CC   --mode=compile gcc -DHAVE_CONFIG_H -I. -I../.. -I./../../include    -Wall -pedantic -Wmissing-prototypes -Wpointer-arith -Wbad-function-cast -Wmissing-declarations -Wnested-externs -g -O2 -c -o ipnum.lo ipnum.c
libtool: compile:  gcc -DHAVE_CONFIG_H -I. -I../.. -I./../../include -Wall -pedantic -Wmissing-prototypes -Wpointer-arith -Wbad-function-cast -Wmissing-declarations -Wnested-externs -g -O2 -c ipnum.c  -fno-common -DPIC -o .libs/ipnum.o
libtool: compile:  gcc -DHAVE_CONFIG_H -I. -I../.. -I./../../include -Wall -pedantic -Wmissing-prototypes -Wpointer-arith -Wbad-function-cast -Wmissing-declarations -Wnested-externs -g -O2 -c ipnum.c -o ipnum.o >/dev/null 2>&1
/bin/sh ../../libtool --tag=CC   --mode=link gcc  -Wall -pedantic -Wmissing-prototypes -Wpointer-arith -Wbad-function-cast -Wmissing-declarations -Wnested-externs -g -O2 -module  -o libipnumplugin.la -rpath /usr/local/spocp/lib ipnum.lo ../../lib/libspocp.la -lldap -llber -lcrypto -lpthread -lresolv 
libtool: link: gcc -Wl,-undefined -Wl,dynamic_lookup -o .libs/libipnumplugin.0.so -bundle  .libs/ipnum.o   ../../lib/.libs/libspocp.dylib -lldap -llber -lcrypto -lpthread -lresolv   
libtool: link: dsymutil .libs/libipnumplugin.0.so || :
libtool: link: (cd ".libs" && rm -f "libipnumplugin.so" && ln -s "libipnumplugin.0.so" "libipnumplugin.so")
libtool: link: ar cru .libs/libipnumplugin.a  ipnum.o
libtool: link: ranlib .libs/libipnumplugin.a
libtool: link: ( cd ".libs" && rm -f "libipnumplugin.la" && ln -s "../libipnumplugin.la" "libipnumplugin.la" )
Making all in lastlogin
/bin/sh ../../libtool --tag=CC   --mode=compile gcc -DHAVE_CONFIG_H -I. -I../.. -I./../../include    -Wall -pedantic -Wmissing-prototypes -Wpointer-arith -Wbad-function-cast -Wmissing-declarations -Wnested-externs -g -O2 -c -o lastlogin.lo lastlogin.c
libtool: compile:  gcc -DHAVE_CONFIG_H -I. -I../.. -I./../../include -Wall -pedantic -Wmissing-prototypes -Wpointer-arith -Wbad-function-cast -Wmissing-declarations -Wnested-externs -g -O2 -c lastlogin.c  -fno-common -DPIC -o .libs/lastlogin.o
libtool: compile:  gcc -DHAVE_CONFIG_H -I. -I../.. -I./../../include -Wall -pedantic -Wmissing-prototypes -Wpointer-arith -Wbad-function-cast -Wmissing-declarations -Wnested-externs -g -O2 -c lastlogin.c -o lastlogin.o >/dev/null 2>&1
/bin/sh ../../libtool --tag=CC   --mode=link gcc  -Wall -pedantic -Wmissing-prototypes -Wpointer-arith -Wbad-function-cast -Wmissing-declarations -Wnested-externs -g -O2 -module  -o liblastloginplugin.la -rpath /usr/local/spocp/lib lastlogin.lo ../../lib/libspocp.la -lldap -llber -lcrypto -lpthread -lresolv 
libtool: link: gcc -Wl,-undefined -Wl,dynamic_lookup -o .libs/liblastloginplugin.0.so -bundle  .libs/lastlogin.o   ../../lib/.libs/libspocp.dylib -lldap -llber -lcrypto -lpthread -lresolv   
libtool: link: dsymutil .libs/liblastloginplugin.0.so || :
libtool: link: (cd ".libs" && rm -f "liblastloginplugin.so" && ln -s "liblastloginplugin.0.so" "liblastloginplugin.so")
libtool: link: ar cru .libs/liblastloginplugin.a  lastlogin.o
libtool: link: ranlib .libs/liblastloginplugin.a
libtool: link: ( cd ".libs" && rm -f "liblastloginplugin.la" && ln -s "../liblastloginplugin.la" "liblastloginplugin.la" )
Making all in mailmatch
/bin/sh ../../libtool --tag=CC   --mode=compile gcc -DHAVE_CONFIG_H -I. -I../.. -I./../../include    -Wall -pedantic -Wmissing-prototypes -Wpointer-arith -Wbad-function-cast -Wmissing-declarations -Wnested-externs -g -O2 -c -o mailmatch.lo mailmatch.c
libtool: compile:  gcc -DHAVE_CONFIG_H -I. -I../.. -I./../../include -Wall -pedantic -Wmissing-prototypes -Wpointer-arith -Wbad-function-cast -Wmissing-declarations -Wnested-externs -g -O2 -c mailmatch.c  -fno-common -DPIC -o .libs/mailmatch.o
libtool: compile:  gcc -DHAVE_CONFIG_H -I. -I../.. -I./../../include -Wall -pedantic -Wmissing-prototypes -Wpointer-arith -Wbad-function-cast -Wmissing-declarations -Wnested-externs -g -O2 -c mailmatch.c -o mailmatch.o >/dev/null 2>&1
/bin/sh ../../libtool --tag=CC   --mode=link gcc  -Wall -pedantic -Wmissing-prototypes -Wpointer-arith -Wbad-function-cast -Wmissing-declarations -Wnested-externs -g -O2 -module  -o libmailmatchplugin.la -rpath /usr/local/spocp/lib mailmatch.lo ../../lib/libspocp.la -lldap -llber -lcrypto -lpthread -lresolv 
libtool: link: gcc -Wl,-undefined -Wl,dynamic_lookup -o .libs/libmailmatchplugin.0.so -bundle  .libs/mailmatch.o   ../../lib/.libs/libspocp.dylib -lldap -llber -lcrypto -lpthread -lresolv   
libtool: link: dsymutil .libs/libmailmatchplugin.0.so || :
libtool: link: (cd ".libs" && rm -f "libmailmatchplugin.so" && ln -s "libmailmatchplugin.0.so" "libmailmatchplugin.so")
libtool: link: ar cru .libs/libmailmatchplugin.a  mailmatch.o
libtool: link: ranlib .libs/libmailmatchplugin.a
libtool: link: ( cd ".libs" && rm -f "libmailmatchplugin.la" && ln -s "../libmailmatchplugin.la" "libmailmatchplugin.la" )
Making all in regexp
/bin/sh ../../libtool --tag=CC   --mode=compile gcc -DHAVE_CONFIG_H -I. -I../.. -I./../../include    -Wall -pedantic -Wmissing-prototypes -Wpointer-arith -Wbad-function-cast -Wmissing-declarations -Wnested-externs -g -O2 -c -o regexp.lo regexp.c
libtool: compile:  gcc -DHAVE_CONFIG_H -I. -I../.. -I./../../include -Wall -pedantic -Wmissing-prototypes -Wpointer-arith -Wbad-function-cast -Wmissing-declarations -Wnested-externs -g -O2 -c regexp.c  -fno-common -DPIC -o .libs/regexp.o
libtool: compile:  gcc -DHAVE_CONFIG_H -I. -I../.. -I./../../include -Wall -pedantic -Wmissing-prototypes -Wpointer-arith -Wbad-function-cast -Wmissing-declarations -Wnested-externs -g -O2 -c regexp.c -o regexp.o >/dev/null 2>&1
/bin/sh ../../libtool --tag=CC   --mode=link gcc  -Wall -pedantic -Wmissing-prototypes -Wpointer-arith -Wbad-function-cast -Wmissing-declarations -Wnested-externs -g -O2 -module  -o libregexpplugin.la -rpath /usr/local/spocp/lib regexp.lo ../../lib/libspocp.la -lldap -llber -lcrypto -lpthread -lresolv 
libtool: link: gcc -Wl,-undefined -Wl,dynamic_lookup -o .libs/libregexpplugin.0.so -bundle  .libs/regexp.o   ../../lib/.libs/libspocp.dylib -lldap -llber -lcrypto -lpthread -lresolv   
libtool: link: dsymutil .libs/libregexpplugin.0.so || :
libtool: link: (cd ".libs" && rm -f "libregexpplugin.so" && ln -s "libregexpplugin.0.so" "libregexpplugin.so")
libtool: link: ar cru .libs/libregexpplugin.a  regexp.o
libtool: link: ranlib .libs/libregexpplugin.a
libtool: link: ( cd ".libs" && rm -f "libregexpplugin.la" && ln -s "../libregexpplugin.la" "libregexpplugin.la" )
Making all in strmatch
/bin/sh ../../libtool --tag=CC   --mode=compile gcc -DHAVE_CONFIG_H -I. -I../.. -I./../../include    -Wall -pedantic -Wmissing-prototypes -Wpointer-arith -Wbad-function-cast -Wmissing-declarations -Wnested-externs -g -O2 -c -o strmatch.lo strmatch.c
libtool: compile:  gcc -DHAVE_CONFIG_H -I. -I../.. -I./../../include -Wall -pedantic -Wmissing-prototypes -Wpointer-arith -Wbad-function-cast -Wmissing-declarations -Wnested-externs -g -O2 -c strmatch.c  -fno-common -DPIC -o .libs/strmatch.o
libtool: compile:  gcc -DHAVE_CONFIG_H -I. -I../.. -I./../../include -Wall -pedantic -Wmissing-prototypes -Wpointer-arith -Wbad-function-cast -Wmissing-declarations -Wnested-externs -g -O2 -c strmatch.c -o strmatch.o >/dev/null 2>&1
/bin/sh ../../libtool --tag=CC   --mode=link gcc  -Wall -pedantic -Wmissing-prototypes -Wpointer-arith -Wbad-function-cast -Wmissing-declarations -Wnested-externs -g -O2 -module  -o libstrmatchplugin.la -rpath /usr/local/spocp/lib strmatch.lo ../../lib/libspocp.la -lldap -llber -lcrypto -lpthread -lresolv 
libtool: link: gcc -Wl,-undefined -Wl,dynamic_lookup -o .libs/libstrmatchplugin.0.so -bundle  .libs/strmatch.o   ../../lib/.libs/libspocp.dylib -lldap -llber -lcrypto -lpthread -lresolv   
libtool: link: dsymutil .libs/libstrmatchplugin.0.so || :
libtool: link: (cd ".libs" && rm -f "libstrmatchplugin.so" && ln -s "libstrmatchplugin.0.so" "libstrmatchplugin.so")
libtool: link: ar cru .libs/libstrmatchplugin.a  strmatch.o
libtool: link: ranlib .libs/libstrmatchplugin.a
libtool: link: ( cd ".libs" && rm -f "libstrmatchplugin.la" && ln -s "../libstrmatchplugin.la" "libstrmatchplugin.la" )
Making all in ldapset
/bin/sh ../../libtool --tag=CC   --mode=compile gcc -DHAVE_CONFIG_H -I. -I../.. -I./../../include    -Wall -pedantic -Wmissing-prototypes -Wpointer-arith -Wbad-function-cast -Wmissing-declarations -Wnested-externs -g -O2 -c -o ldapset.lo ldapset.c
libtool: compile:  gcc -DHAVE_CONFIG_H -I. -I../.. -I./../../include -Wall -pedantic -Wmissing-prototypes -Wpointer-arith -Wbad-function-cast -Wmissing-declarations -Wnested-externs -g -O2 -c ldapset.c  -fno-common -DPIC -o .libs/ldapset.o
libtool: compile:  gcc -DHAVE_CONFIG_H -I. -I../.. -I./../../include -Wall -pedantic -Wmissing-prototypes -Wpointer-arith -Wbad-function-cast -Wmissing-declarations -Wnested-externs -g -O2 -c ldapset.c -o ldapset.o >/dev/null 2>&1
/bin/sh ../../libtool --tag=CC   --mode=compile gcc -DHAVE_CONFIG_H -I. -I../.. -I./../../include    -Wall -pedantic -Wmissing-prototypes -Wpointer-arith -Wbad-function-cast -Wmissing-declarations -Wnested-externs -g -O2 -c -o scnode.lo scnode.c
libtool: compile:  gcc -DHAVE_CONFIG_H -I. -I../.. -I./../../include -Wall -pedantic -Wmissing-prototypes -Wpointer-arith -Wbad-function-cast -Wmissing-declarations -Wnested-externs -g -O2 -c scnode.c  -fno-common -DPIC -o .libs/scnode.o
libtool: compile:  gcc -DHAVE_CONFIG_H -I. -I../.. -I./../../include -Wall -pedantic -Wmissing-prototypes -Wpointer-arith -Wbad-function-cast -Wmissing-declarations -Wnested-externs -g -O2 -c scnode.c -o scnode.o >/dev/null 2>&1
/bin/sh ../../libtool --tag=CC   --mode=compile gcc -DHAVE_CONFIG_H -I. -I../.. -I./../../include    -Wall -pedantic -Wmissing-prototypes -Wpointer-arith -Wbad-function-cast -Wmissing-declarations -Wnested-externs -g -O2 -c -o vset.lo vset.c
libtool: compile:  gcc -DHAVE_CONFIG_H -I. -I../.. -I./../../include -Wall -pedantic -Wmissing-prototypes -Wpointer-arith -Wbad-function-cast -Wmissing-declarations -Wnested-externs -g -O2 -c vset.c  -fno-common -DPIC -o .libs/vset.o
libtool: compile:  gcc -DHAVE_CONFIG_H -I. -I../.. -I./../../include -Wall -pedantic -Wmissing-prototypes -Wpointer-arith -Wbad-function-cast -Wmissing-declarations -Wnested-externs -g -O2 -c vset.c -o vset.o >/dev/null 2>&1
/bin/sh ../../libtool --tag=CC   --mode=compile gcc -DHAVE_CONFIG_H -I. -I../.. -I./../../include    -Wall -pedantic -Wmissing-prototypes -Wpointer-arith -Wbad-function-cast -Wmissing-declarations -Wnested-externs -g -O2 -c -o lsln.lo lsln.c
libtool: compile:  gcc -DHAVE_CONFIG_H -I. -I../.. -I./../../include -Wall -pedantic -Wmissing-prototypes -Wpointer-arith -Wbad-function-cast -Wmissing-declarations -Wnested-externs -g -O2 -c lsln.c  -fno-common -DPIC -o .libs/lsln.o
libtool: compile:  gcc -DHAVE_CONFIG_H -I. -I../.. -I./../../include -Wall -pedantic -Wmissing-prototypes -Wpointer-arith -Wbad-function-cast -Wmissing-declarations -Wnested-externs -g -O2 -c lsln.c -o lsln.o >/dev/null 2>&1
/bin/sh ../../libtool --tag=CC   --mode=link gcc  -Wall -pedantic -Wmissing-prototypes -Wpointer-arith -Wbad-function-cast -Wmissing-declarations -Wnested-externs -g -O2 -module  -o libldapsetplugin.la -rpath /usr/local/spocp/lib ldapset.lo scnode.lo vset.lo lsln.lo -lldap -llber ../../lib/libspocp.la -lldap -llber -lcrypto -lpthread -lresolv 
libtool: link: gcc -Wl,-undefined -Wl,dynamic_lookup -o .libs/libldapsetplugin.0.so -bundle  .libs/ldapset.o .libs/scnode.o .libs/vset.o .libs/lsln.o   ../../lib/.libs/libspocp.dylib -lldap -llber -lcrypto -lpthread -lresolv   
libtool: link: dsymutil .libs/libldapsetplugin.0.so || :
libtool: link: (cd ".libs" && rm -f "libldapsetplugin.so" && ln -s "libldapsetplugin.0.so" "libldapsetplugin.so")
libtool: link: ar cru .libs/libldapsetplugin.a  ldapset.o scnode.o vset.o lsln.o
libtool: link: ranlib .libs/libldapsetplugin.a
libtool: link: ( cd ".libs" && rm -f "libldapsetplugin.la" && ln -s "../libldapsetplugin.la" "libldapsetplugin.la" )
Making all in motd
/bin/sh ../../libtool --tag=CC   --mode=compile gcc -DHAVE_CONFIG_H -I. -I../.. -I./../../include    -Wall -pedantic -Wmissing-prototypes -Wpointer-arith -Wbad-function-cast -Wmissing-declarations -Wnested-externs -g -O2 -c -o motd.lo motd.c
libtool: compile:  gcc -DHAVE_CONFIG_H -I. -I../.. -I./../../include -Wall -pedantic -Wmissing-prototypes -Wpointer-arith -Wbad-function-cast -Wmissing-declarations -Wnested-externs -g -O2 -c motd.c  -fno-common -DPIC -o .libs/motd.o
libtool: compile:  gcc -DHAVE_CONFIG_H -I. -I../.. -I./../../include -Wall -pedantic -Wmissing-prototypes -Wpointer-arith -Wbad-function-cast -Wmissing-declarations -Wnested-externs -g -O2 -c motd.c -o motd.o >/dev/null 2>&1
/bin/sh ../../libtool --tag=CC   --mode=link gcc  -Wall -pedantic -Wmissing-prototypes -Wpointer-arith -Wbad-function-cast -Wmissing-declarations -Wnested-externs -g -O2 -module  -o libmotdplugin.la -rpath /usr/local/spocp/lib motd.lo ../../lib/libspocp.la ../../lib/libspocpbasic.la -lldap -llber -lcrypto -lpthread -lresolv 
libtool: link: gcc -Wl,-undefined -Wl,dynamic_lookup -o .libs/libmotdplugin.0.so -bundle  .libs/motd.o   ../../lib/.libs/libspocp.dylib ../../lib/.libs/libspocpbasic.dylib -lldap -llber -lcrypto -lpthread -lresolv   
libtool: link: dsymutil .libs/libmotdplugin.0.so || :
libtool: link: (cd ".libs" && rm -f "libmotdplugin.so" && ln -s "libmotdplugin.0.so" "libmotdplugin.so")
libtool: link: ar cru .libs/libmotdplugin.a  motd.o
libtool: link: ranlib .libs/libmotdplugin.a
libtool: link: ( cd ".libs" && rm -f "libmotdplugin.la" && ln -s "../libmotdplugin.la" "libmotdplugin.la" )
Making all in spocp
/bin/sh ../../libtool --tag=CC   --mode=compile gcc -DHAVE_CONFIG_H -I. -I../.. -I./../../include    -Wall -pedantic -Wmissing-prototypes -Wpointer-arith -Wbad-function-cast -Wmissing-declarations -Wnested-externs -g -O2 -c -o spocp.lo spocp.c
libtool: compile:  gcc -DHAVE_CONFIG_H -I. -I../.. -I./../../include -Wall -pedantic -Wmissing-prototypes -Wpointer-arith -Wbad-function-cast -Wmissing-declarations -Wnested-externs -g -O2 -c spocp.c  -fno-common -DPIC -o .libs/spocp.o
libtool: compile:  gcc -DHAVE_CONFIG_H -I. -I../.. -I./../../include -Wall -pedantic -Wmissing-prototypes -Wpointer-arith -Wbad-function-cast -Wmissing-declarations -Wnested-externs -g -O2 -c spocp.c -o spocp.o >/dev/null 2>&1
/bin/sh ../../libtool --tag=CC   --mode=link gcc  -Wall -pedantic -Wmissing-prototypes -Wpointer-arith -Wbad-function-cast -Wmissing-declarations -Wnested-externs -g -O2 -module  -o libspocpplugin.la -rpath /usr/local/spocp/lib spocp.lo ../../lib/libspocp.la ../../client/src/libspocpclient.la -lldap -llber -lcrypto -lpthread -lresolv 
libtool: link: gcc -Wl,-undefined -Wl,dynamic_lookup -o .libs/libspocpplugin.0.so -bundle  .libs/spocp.o   ../../lib/.libs/libspocp.dylib ../../client/src/.libs/libspocpclient.dylib -L/Users/rolandh/code/spocp-git/lib /Users/rolandh/code/spocp-git/lib/.libs/libspocpbasic.dylib -lldap -llber -lcrypto -lpthread -lresolv  -Wl,-dylib_file -Wl,/usr/local/spocp/lib/libspocpbasic.2.dylib:/Users/rolandh/code/spocp-git/lib/.libs/libspocpbasic.dylib  
libtool: link: dsymutil .libs/libspocpplugin.0.so || :
libtool: link: (cd ".libs" && rm -f "libspocpplugin.so" && ln -s "libspocpplugin.0.so" "libspocpplugin.so")
libtool: link: ar cru .libs/libspocpplugin.a  spocp.o
libtool: link: ranlib .libs/libspocpplugin.a
libtool: link: ( cd ".libs" && rm -f "libspocpplugin.la" && ln -s "../libspocpplugin.la" "libspocpplugin.la" )
Making all in system
/bin/sh ../../libtool --tag=CC   --mode=compile gcc -DHAVE_CONFIG_H -I. -I../.. -I./../../include    -Wall -pedantic -Wmissing-prototypes -Wpointer-arith -Wbad-function-cast -Wmissing-declarations -Wnested-externs -g -O2 -c -o system.lo system.c
libtool: compile:  gcc -DHAVE_CONFIG_H -I. -I../.. -I./../../include -Wall -pedantic -Wmissing-prototypes -Wpointer-arith -Wbad-function-cast -Wmissing-declarations -Wnested-externs -g -O2 -c system.c  -fno-common -DPIC -o .libs/system.o
libtool: compile:  gcc -DHAVE_CONFIG_H -I. -I../.. -I./../../include -Wall -pedantic -Wmissing-prototypes -Wpointer-arith -Wbad-function-cast -Wmissing-declarations -Wnested-externs -g -O2 -c system.c -o system.o >/dev/null 2>&1
/bin/sh ../../libtool --tag=CC   --mode=link gcc  -Wall -pedantic -Wmissing-prototypes -Wpointer-arith -Wbad-function-cast -Wmissing-declarations -Wnested-externs -g -O2 -module  -o libsystemplugin.la -rpath /usr/local/spocp/lib system.lo ../../lib/libspocp.la -lldap -llber -lcrypto -lpthread -lresolv 
libtool: link: gcc -Wl,-undefined -Wl,dynamic_lookup -o .libs/libsystemplugin.0.so -bundle  .libs/system.o   ../../lib/.libs/libspocp.dylib -lldap -llber -lcrypto -lpthread -lresolv   
libtool: link: dsymutil .libs/libsystemplugin.0.so || :
libtool: link: (cd ".libs" && rm -f "libsystemplugin.so" && ln -s "libsystemplugin.0.so" "libsystemplugin.so")
libtool: link: ar cru .libs/libsystemplugin.a  system.o
libtool: link: ranlib .libs/libsystemplugin.a
libtool: link: ( cd ".libs" && rm -f "libsystemplugin.la" && ln -s "../libsystemplugin.la" "libsystemplugin.la" )
Making all in localgroup
/bin/sh ../../libtool --tag=CC   --mode=compile gcc -DHAVE_CONFIG_H -I. -I../.. -I./../../include    -Wall -pedantic -Wmissing-prototypes -Wpointer-arith -Wbad-function-cast -Wmissing-declarations -Wnested-externs -g -O2 -c -o localgroup.lo localgroup.c
libtool: compile:  gcc -DHAVE_CONFIG_H -I. -I../.. -I./../../include -Wall -pedantic -Wmissing-prototypes -Wpointer-arith -Wbad-function-cast -Wmissing-declarations -Wnested-externs -g -O2 -c localgroup.c  -fno-common -DPIC -o .libs/localgroup.o
libtool: compile:  gcc -DHAVE_CONFIG_H -I. -I../.. -I./../../include -Wall -pedantic -Wmissing-prototypes -Wpointer-arith -Wbad-function-cast -Wmissing-declarations -Wnested-externs -g -O2 -c localgroup.c -o localgroup.o >/dev/null 2>&1
/bin/sh ../../libtool --tag=CC   --mode=link gcc  -Wall -pedantic -Wmissing-prototypes -Wpointer-arith -Wbad-function-cast -Wmissing-declarations -Wnested-externs -g -O2 -module  -o liblocalgroupplugin.la -rpath /usr/local/spocp/lib localgroup.lo ../../lib/libspocp.la -lldap -llber -lcrypto -lpthread -lresolv 
libtool: link: gcc -Wl,-undefined -Wl,dynamic_lookup -o .libs/liblocalgroupplugin.0.so -bundle  .libs/localgroup.o   ../../lib/.libs/libspocp.dylib -lldap -llber -lcrypto -lpthread -lresolv   
libtool: link: dsymutil .libs/liblocalgroupplugin.0.so || :
libtool: link: (cd ".libs" && rm -f "liblocalgroupplugin.so" && ln -s "liblocalgroupplugin.0.so" "liblocalgroupplugin.so")
libtool: link: ar cru .libs/liblocalgroupplugin.a  localgroup.o
libtool: link: ranlib .libs/liblocalgroupplugin.a
libtool: link: ( cd ".libs" && rm -f "liblocalgroupplugin.la" && ln -s "../liblocalgroupplugin.la" "liblocalgroupplugin.la" )
Making all in rbl
/bin/sh ../../libtool --tag=CC   --mode=compile gcc -DHAVE_CONFIG_H -I. -I../.. -I./../../include    -Wall -pedantic -Wmissing-prototypes -Wpointer-arith -Wbad-function-cast -Wmissing-declarations -Wnested-externs -g -O2 -c -o rbl.lo rbl.c
libtool: compile:  gcc -DHAVE_CONFIG_H -I. -I../.. -I./../../include -Wall -pedantic -Wmissing-prototypes -Wpointer-arith -Wbad-function-cast -Wmissing-declarations -Wnested-externs -g -O2 -c rbl.c  -fno-common -DPIC -o .libs/rbl.o
libtool: compile:  gcc -DHAVE_CONFIG_H -I. -I../.. -I./../../include -Wall -pedantic -Wmissing-prototypes -Wpointer-arith -Wbad-function-cast -Wmissing-declarations -Wnested-externs -g -O2 -c rbl.c -o rbl.o >/dev/null 2>&1
/bin/sh ../../libtool --tag=CC   --mode=link gcc  -Wall -pedantic -Wmissing-prototypes -Wpointer-arith -Wbad-function-cast -Wmissing-declarations -Wnested-externs -g -O2 -module  -o librblplugin.la -rpath /usr/local/spocp/lib rbl.lo ../../lib/libspocp.la -lldap -llber -lcrypto -lpthread -lresolv 
libtool: link: gcc -Wl,-undefined -Wl,dynamic_lookup -o .libs/librblplugin.0.so -bundle  .libs/rbl.o   ../../lib/.libs/libspocp.dylib -lldap -llber -lcrypto -lpthread -lresolv   
libtool: link: dsymutil .libs/librblplugin.0.so || :
libtool: link: (cd ".libs" && rm -f "librblplugin.so" && ln -s "librblplugin.0.so" "librblplugin.so")
libtool: link: ar cru .libs/librblplugin.a  rbl.o
libtool: link: ranlib .libs/librblplugin.a
libtool: link: ( cd ".libs" && rm -f "librblplugin.la" && ln -s "../librblplugin.la" "librblplugin.la" )
Making all in sql
/bin/sh ../../libtool --tag=CC   --mode=compile gcc -DHAVE_CONFIG_H -I. -I../.. -I./../../include    -Wall -pedantic -Wmissing-prototypes -Wpointer-arith -Wbad-function-cast -Wmissing-declarations -Wnested-externs -g -O2 -c -o sql.lo sql.c
libtool: compile:  gcc -DHAVE_CONFIG_H -I. -I../.. -I./../../include -Wall -pedantic -Wmissing-prototypes -Wpointer-arith -Wbad-function-cast -Wmissing-declarations -Wnested-externs -g -O2 -c sql.c  -fno-common -DPIC -o .libs/sql.o
libtool: compile:  gcc -DHAVE_CONFIG_H -I. -I../.. -I./../../include -Wall -pedantic -Wmissing-prototypes -Wpointer-arith -Wbad-function-cast -Wmissing-declarations -Wnested-externs -g -O2 -c sql.c -o sql.o >/dev/null 2>&1
/bin/sh ../../libtool --tag=CC   --mode=link gcc  -Wall -pedantic -Wmissing-prototypes -Wpointer-arith -Wbad-function-cast -Wmissing-declarations -Wnested-externs -g -O2 -module  -o libsqlplugin.la -rpath /usr/local/spocp/lib sql.lo ../../lib/libspocp.la -lldap -llber -lcrypto -lpthread -lresolv 
libtool: link: gcc -Wl,-undefined -Wl,dynamic_lookup -o .libs/libsqlplugin.0.so -bundle  .libs/sql.o   ../../lib/.libs/libspocp.dylib -lldap -llber -lcrypto -lpthread -lresolv   
libtool: link: dsymutil .libs/libsqlplugin.0.so || :
libtool: link: (cd ".libs" && rm -f "libsqlplugin.so" && ln -s "libsqlplugin.0.so" "libsqlplugin.so")
libtool: link: ar cru .libs/libsqlplugin.a  sql.o
libtool: link: ranlib .libs/libsqlplugin.a
libtool: link: ( cd ".libs" && rm -f "libsqlplugin.la" && ln -s "../libsqlplugin.la" "libsqlplugin.la" )
Making all in time
/bin/sh ../../libtool --tag=CC   --mode=compile gcc -DHAVE_CONFIG_H -I. -I../.. -I./../../include    -Wall -pedantic -Wmissing-prototypes -Wpointer-arith -Wbad-function-cast -Wmissing-declarations -Wnested-externs -g -O2 -c -o time.lo time.c
libtool: compile:  gcc -DHAVE_CONFIG_H -I. -I../.. -I./../../include -Wall -pedantic -Wmissing-prototypes -Wpointer-arith -Wbad-function-cast -Wmissing-declarations -Wnested-externs -g -O2 -c time.c  -fno-common -DPIC -o .libs/time.o
libtool: compile:  gcc -DHAVE_CONFIG_H -I. -I../.. -I./../../include -Wall -pedantic -Wmissing-prototypes -Wpointer-arith -Wbad-function-cast -Wmissing-declarations -Wnested-externs -g -O2 -c time.c -o time.o >/dev/null 2>&1
/bin/sh ../../libtool --tag=CC   --mode=link gcc  -Wall -pedantic -Wmissing-prototypes -Wpointer-arith -Wbad-function-cast -Wmissing-declarations -Wnested-externs -g -O2 -module  -o libtimeplugin.la -rpath /usr/local/spocp/lib time.lo ../../lib/libspocp.la -lldap -llber -lcrypto -lpthread -lresolv 
libtool: link: gcc -Wl,-undefined -Wl,dynamic_lookup -o .libs/libtimeplugin.0.so -bundle  .libs/time.o   ../../lib/.libs/libspocp.dylib -lldap -llber -lcrypto -lpthread -lresolv   
libtool: link: dsymutil .libs/libtimeplugin.0.so || :
libtool: link: (cd ".libs" && rm -f "libtimeplugin.so" && ln -s "libtimeplugin.0.so" "libtimeplugin.so")
libtool: link: ar cru .libs/libtimeplugin.a  time.o
libtool: link: ranlib .libs/libtimeplugin.a
libtool: link: ( cd ".libs" && rm -f "libtimeplugin.la" && ln -s "../libtimeplugin.la" "libtimeplugin.la" )
Making all in dback_gdbm
make[3]: Nothing to be done for `all'.
Making all in ldapproxy
/bin/sh ../../libtool --tag=CC   --mode=compile gcc -DHAVE_CONFIG_H -I. -I../.. -I./../../include    -Wall -pedantic -Wmissing-prototypes -Wpointer-arith -Wbad-function-cast -Wmissing-declarations -Wnested-externs -g -O2 -c -o ldapproxy.lo ldapproxy.c
libtool: compile:  gcc -DHAVE_CONFIG_H -I. -I../.. -I./../../include -Wall -pedantic -Wmissing-prototypes -Wpointer-arith -Wbad-function-cast -Wmissing-declarations -Wnested-externs -g -O2 -c ldapproxy.c  -fno-common -DPIC -o .libs/ldapproxy.o
libtool: compile:  gcc -DHAVE_CONFIG_H -I. -I../.. -I./../../include -Wall -pedantic -Wmissing-prototypes -Wpointer-arith -Wbad-function-cast -Wmissing-declarations -Wnested-externs -g -O2 -c ldapproxy.c -o ldapproxy.o >/dev/null 2>&1
/bin/sh ../../libtool --tag=CC   --mode=link gcc  -Wall -pedantic -Wmissing-prototypes -Wpointer-arith -Wbad-function-cast -Wmissing-declarations -Wnested-externs -g -O2 -module  -o libldapproxyplugin.la -rpath /usr/local/spocp/lib ldapproxy.lo -lldap -llber ../../lib/libspocp.la -lldap -llber -lcrypto -lpthread -lresolv 
libtool: link: gcc -Wl,-undefined -Wl,dynamic_lookup -o .libs/libldapproxyplugin.0.so -bundle  .libs/ldapproxy.o   ../../lib/.libs/libspocp.dylib -lldap -llber -lcrypto -lpthread -lresolv   
libtool: link: dsymutil .libs/libldapproxyplugin.0.so || :
libtool: link: (cd ".libs" && rm -f "libldapproxyplugin.so" && ln -s "libldapproxyplugin.0.so" "libldapproxyplugin.so")
libtool: link: ar cru .libs/libldapproxyplugin.a  ldapproxy.o
libtool: link: ranlib .libs/libldapproxyplugin.a
libtool: link: ( cd ".libs" && rm -f "libldapproxyplugin.la" && ln -s "../libldapproxyplugin.la" "libldapproxyplugin.la" )
make[3]: Nothing to be done for `all-am'.
Making all in doc
make[2]: Nothing to be done for `all'.
Making all in cf
make[2]: Nothing to be done for `all'.
